#
# There is insufficient memory for the Java Runtime Environment to continue.
# Native memory allocation (malloc) failed to allocate 262144 bytes for committing reserved memory.
# Possible reasons:
#   The system is out of physical RAM or swap space
#   In 32 bit mode, the process size limit was hit
# Possible solutions:
#   Reduce memory load on the system
#   Increase physical memory or swap space
#   Check if swap backing store is full
#   Use 64 bit Java on a 64 bit OS
#   Decrease Java heap size (-Xmx/-Xms)
#   Decrease number of Java threads
#   Decrease Java thread stack sizes (-Xss)
#   Set larger code cache with -XX:ReservedCodeCacheSize=
# This output file may be truncated or incomplete.
#
#  Out of Memory Error (os_linux.cpp:2798), pid=16915, tid=1565522752
#
# JRE version: OpenJDK Runtime Environment (7.0_65-b32) (build 1.7.0_65-b32)
# Java VM: OpenJDK Server VM (24.65-b04 mixed mode linux-x86 )
# Derivative: IcedTea 2.5.3
# Distribution: Ubuntu 12.04 LTS, package 7u71-2.5.3-0ubuntu0.12.04.1
# Failed to write core dump. Core dumps have been disabled. To enable core dumping, try "ulimit -c unlimited" before starting Java again
#

---------------  T H R E A D  ---------------

Current thread (0x097f1000):  JavaThread "Daemon Thread 12" [_thread_in_vm, id=18435, stack(0x5d4af000,0x5d500000)]

Stack: [0x5d4af000,0x5d500000]

[error occurred during error reporting (printing native stack), id 0xb]

Java frames: (J=compiled Java code, j=interpreted, Vv=VM code)
j  java.lang.ClassLoader.defineClass1(Ljava/lang/String;[BIILjava/security/ProtectionDomain;Ljava/lang/String;)Ljava/lang/Class;+0
j  java.lang.ClassLoader.defineClass(Ljava/lang/String;[BIILjava/security/ProtectionDomain;)Ljava/lang/Class;+30
j  java.security.SecureClassLoader.defineClass(Ljava/lang/String;[BIILjava/security/CodeSource;)Ljava/lang/Class;+12
j  java.net.URLClassLoader.defineClass(Ljava/lang/String;Lsun/misc/Resource;)Ljava/lang/Class;+220
J 339 C2 java.net.URLClassLoader$1.run()Ljava/lang/Object; (5 bytes) @ 0xb35722a8 [0xb35720c0+0x1e8]
v  ~StubRoutines::call_stub
J 267  java.security.AccessController.doPrivileged(Ljava/security/PrivilegedExceptionAction;Ljava/security/AccessControlContext;)Ljava/lang/Object; (0 bytes) @ 0xb341aa08 [0xb341a9a0+0x68]
J 266 C2 java.net.URLClassLoader.findClass(Ljava/lang/String;)Ljava/lang/Class; (29 bytes) @ 0xb3511bc0 [0xb3511b60+0x60]
J 222 C2 java.lang.ClassLoader.loadClass(Ljava/lang/String;Z)Ljava/lang/Class; (122 bytes) @ 0xb3520bb4 [0xb35205e0+0x5d4]
j  java.lang.ClassLoader.loadClass(Ljava/lang/String;)Ljava/lang/Class;+3
v  ~StubRoutines::call_stub
j  java.lang.Class.forName0(Ljava/lang/String;ZLjava/lang/ClassLoader;Ljava/lang/Class;)Ljava/lang/Class;+0
j  java.lang.Class.forName(Ljava/lang/String;)Ljava/lang/Class;+11
j  com.android.build.gradle.BasePlugin.class$(Ljava/lang/String;)Ljava/lang/Class;+1
j  com.android.build.gradle.BasePlugin.$get$$class$com$android$build$gradle$tasks$Lint()Ljava/lang/Class;+11
j  com.android.build.gradle.BasePlugin.createLintVitalTask(Lcom/android/build/gradle/internal/variant/ApkVariantData;)V+245
j  com.android.build.gradle.BasePlugin.this$2$createLintVitalTask(Lcom/android/build/gradle/internal/variant/ApkVariantData;)V+2
j  com.android.build.gradle.BasePlugin$this$2$createLintVitalTask.callCurrent(Lgroovy/lang/GroovyObject;Ljava/lang/Object;)Ljava/lang/Object;+17
j  com.android.build.gradle.BasePlugin.addPackageTasks(Lcom/android/build/gradle/internal/variant/ApkVariantData;Lorg/gradle/api/Task;Z)V+5075
j  com.android.build.gradle.internal.variant.ApplicationVariantFactory.createTasks(Lcom/android/build/gradle/internal/variant/BaseVariantData;Lorg/gradle/api/Task;)V+150
j  com.android.build.gradle.internal.VariantManager.createTasksForDefaultBuild(Lcom/android/builder/model/SigningConfig;)V+340
j  com.android.build.gradle.internal.VariantManager.createAndroidTasks(Lcom/android/builder/model/SigningConfig;)V+21
j  com.android.build.gradle.internal.VariantManager$createAndroidTasks.call(Ljava/lang/Object;[Ljava/lang/Object;)Ljava/lang/Object;+19
j  org.codehaus.groovy.runtime.callsite.CallSiteArray.defaultCall(Lorg/codehaus/groovy/runtime/callsite/CallSite;Ljava/lang/Object;[Ljava/lang/Object;)Ljava/lang/Object;+8
j  org.codehaus.groovy.runtime.callsite.AbstractCallSite.call(Ljava/lang/Object;[Ljava/lang/Object;)Ljava/lang/Object;+3
j  org.codehaus.groovy.runtime.callsite.AbstractCallSite.call(Ljava/lang/Object;Ljava/lang/Object;)Ljava/lang/Object;+6
j  com.android.build.gradle.BasePlugin.createAndroidTasks(Z)V+522
v  ~StubRoutines::call_stub
J 1255  sun.reflect.NativeMethodAccessorImpl.invoke0(Ljava/lang/reflect/Method;Ljava/lang/Object;[Ljava/lang/Object;)Ljava/lang/Object; (0 bytes) @ 0xb372ef9e [0xb372ef20+0x7e]
J 1254 C2 sun.reflect.NativeMethodAccessorImpl.invoke(Ljava/lang/Object;[Ljava/lang/Object;)Ljava/lang/Object; (91 bytes) @ 0xb3738414 [0xb37383c0+0x54]
J 1128 C2 org.codehaus.groovy.reflection.CachedMethod.invoke(Ljava/lang/Object;[Ljava/lang/Object;)Ljava/lang/Object; (70 bytes) @ 0xb3758674 [0xb3758620+0x54]
j  groovy.lang.MetaMethod.doMethodInvoke(Ljava/lang/Object;[Ljava/lang/Object;)Ljava/lang/Object;+9
j  org.codehaus.groovy.runtime.metaclass.ClosureMetaClass.invokeMethod(Ljava/lang/Class;Ljava/lang/Object;Ljava/lang/String;[Ljava/lang/Object;ZZ)Ljava/lang/Object;+795
j  groovy.lang.MetaClassImpl.invokeMethod(Ljava/lang/Object;Ljava/lang/String;[Ljava/lang/Object;)Ljava/lang/Object;+10
j  org.codehaus.groovy.runtime.callsite.PogoMetaClassSite.callCurrent(Lgroovy/lang/GroovyObject;[Ljava/lang/Object;)Ljava/lang/Object;+18
j  org.codehaus.groovy.runtime.callsite.CallSiteArray.defaultCallCurrent(Lorg/codehaus/groovy/runtime/callsite/CallSite;Lgroovy/lang/GroovyObject;[Ljava/lang/Object;)Ljava/lang/Object;+17
j  org.codehaus.groovy.runtime.callsite.AbstractCallSite.callCurrent(Lgroovy/lang/GroovyObject;[Ljava/lang/Object;)Ljava/lang/Object;+3
j  org.codehaus.groovy.runtime.callsite.AbstractCallSite.callCurrent(Lgroovy/lang/GroovyObject;Ljava/lang/Object;)Ljava/lang/Object;+6
j  com.android.build.gradle.BasePlugin$_apply_closure7.doCall(Ljava/lang/Object;)Ljava/lang/Object;+16
v  ~StubRoutines::call_stub
J 1255  sun.reflect.NativeMethodAccessorImpl.invoke0(Ljava/lang/reflect/Method;Ljava/lang/Object;[Ljava/lang/Object;)Ljava/lang/Object; (0 bytes) @ 0xb372ef9e [0xb372ef20+0x7e]
J 1254 C2 sun.reflect.NativeMethodAccessorImpl.invoke(Ljava/lang/Object;[Ljava/lang/Object;)Ljava/lang/Object; (91 bytes) @ 0xb3738414 [0xb37383c0+0x54]
J 1128 C2 org.codehaus.groovy.reflection.CachedMethod.invoke(Ljava/lang/Object;[Ljava/lang/Object;)Ljava/lang/Object; (70 bytes) @ 0xb3758674 [0xb3758620+0x54]
j  groovy.lang.MetaMethod.doMethodInvoke(Ljava/lang/Object;[Ljava/lang/Object;)Ljava/lang/Object;+9
j  org.codehaus.groovy.runtime.metaclass.ClosureMetaClass.invokeMethod(Ljava/lang/Class;Ljava/lang/Object;Ljava/lang/String;[Ljava/lang/Object;ZZ)Ljava/lang/Object;+241
j  groovy.lang.MetaClassImpl.invokeMethod(Ljava/lang/Object;Ljava/lang/String;[Ljava/lang/Object;)Ljava/lang/Object;+10
j  groovy.lang.Closure.call([Ljava/lang/Object;)Ljava/lang/Object;+8
j  org.gradle.listener.ClosureBackedMethodInvocationDispatch.dispatch(Lorg/gradle/messaging/dispatch/MethodInvocation;)V+62
j  org.gradle.listener.ClosureBackedMethodInvocationDispatch.dispatch(Ljava/lang/Object;)V+5
J 992 C2 org.gradle.listener.BroadcastDispatch.dispatch(Lorg/gradle/messaging/dispatch/MethodInvocation;)V (147 bytes) @ 0xb36850a4 [0xb3684ee0+0x1c4]
J 1561 C2 org.gradle.messaging.dispatch.ProxyDispatchAdapter$DispatchingInvocationHandler.invoke(Ljava/lang/Object;Ljava/lang/reflect/Method;[Ljava/lang/Object;)Ljava/lang/Object; (179 bytes) @ 0xb38aac08 [0xb38aaa00+0x208]
j  com.sun.proxy.$Proxy12.afterEvaluate(Lorg/gradle/api/Project;Lorg/gradle/api/ProjectState;)V+20
j  org.gradle.configuration.project.LifecycleProjectEvaluator.notifyAfterEvaluate(Lorg/gradle/api/ProjectEvaluationListener;Lorg/gradle/api/internal/project/ProjectInternal;Lorg/gradle/api/internal/project/ProjectStateInternal;)V+3
j  org.gradle.configuration.project.LifecycleProjectEvaluator.evaluate(Lorg/gradle/api/internal/project/ProjectInternal;Lorg/gradle/api/internal/project/ProjectStateInternal;)V+72
j  org.gradle.api.internal.project.AbstractProject.evaluate()Lorg/gradle/api/internal/project/AbstractProject;+9
j  org.gradle.api.internal.project.AbstractProject.evaluate()Lorg/gradle/api/Project;+1
j  org.gradle.execution.TaskPathProjectEvaluator.evaluateByPath(Lorg/gradle/api/internal/project/ProjectInternal;Ljava/lang/String;)V+21
j  org.gradle.execution.ProjectEvaluatingAction.configure(Lorg/gradle/execution/BuildExecutionContext;)V+88
j  org.gradle.execution.DefaultBuildExecuter.configure(I)V+36
j  org.gradle.execution.DefaultBuildExecuter.select(Lorg/gradle/api/internal/GradleInternal;)V+7
j  org.gradle.initialization.DefaultGradleLauncher.doBuildStages(Lorg/gradle/initialization/DefaultGradleLauncher$Stage;)V+146
j  org.gradle.initialization.DefaultGradleLauncher.doBuild(Lorg/gradle/initialization/DefaultGradleLauncher$Stage;)Lorg/gradle/BuildResult;+27
j  org.gradle.initialization.DefaultGradleLauncher.run()Lorg/gradle/BuildResult;+4
j  org.gradle.launcher.exec.InProcessBuildActionExecuter$DefaultBuildController.run()V+5
j  org.gradle.tooling.internal.provider.BuildModelAction.run(Lorg/gradle/initialization/BuildController;)Lorg/gradle/tooling/internal/provider/BuildActionResult;+85
j  org.gradle.tooling.internal.provider.BuildModelAction.run(Lorg/gradle/initialization/BuildController;)Ljava/lang/Object;+2
j  org.gradle.tooling.internal.provider.ConfiguringBuildAction.run(Lorg/gradle/initialization/BuildController;)Ljava/lang/Object;+15
j  org.gradle.launcher.exec.InProcessBuildActionExecuter.execute(Lorg/gradle/initialization/BuildAction;Lorg/gradle/launcher/exec/BuildActionParameters;)Ljava/lang/Object;+16
j  org.gradle.launcher.daemon.server.exec.ExecuteBuild.doBuild(Lorg/gradle/launcher/daemon/server/exec/DaemonCommandExecution;Lorg/gradle/launcher/daemon/protocol/Build;)V+36
j  org.gradle.launcher.daemon.server.exec.BuildCommandOnly.execute(Lorg/gradle/launcher/daemon/server/exec/DaemonCommandExecution;)V+49
j  org.gradle.launcher.daemon.server.exec.DaemonCommandExecution.proceed()Z+28
j  org.gradle.launcher.daemon.server.exec.WatchForDisconnection.execute(Lorg/gradle/launcher/daemon/server/exec/DaemonCommandExecution;)V+19
j  org.gradle.launcher.daemon.server.exec.DaemonCommandExecution.proceed()Z+28
j  org.gradle.launcher.daemon.server.exec.ResetDeprecationLogger.execute(Lorg/gradle/launcher/daemon/server/exec/DaemonCommandExecution;)V+4
j  org.gradle.launcher.daemon.server.exec.DaemonCommandExecution.proceed()Z+28
j  org.gradle.launcher.daemon.server.exec.StartStopIfBuildAndStop.execute(Lorg/gradle/launcher/daemon/server/exec/DaemonCommandExecution;)V+34
j  org.gradle.launcher.daemon.server.exec.DaemonCommandExecution.proceed()Z+28
j  org.gradle.launcher.daemon.server.exec.ReturnResult.execute(Lorg/gradle/launcher/daemon/server/exec/DaemonCommandExecution;)V+1
j  org.gradle.launcher.daemon.server.exec.DaemonCommandExecution.proceed()Z+28
j  org.gradle.launcher.daemon.server.exec.ForwardClientInput$2.call()Ljava/lang/Void;+4
j  org.gradle.launcher.daemon.server.exec.ForwardClientInput$2.call()Ljava/lang/Object;+1
j  org.gradle.util.Swapper.swap(Ljava/lang/Object;Ljava/util/concurrent/Callable;)Ljava/lang/Object;+21
j  org.gradle.launcher.daemon.server.exec.ForwardClientInput.execute(Lorg/gradle/launcher/daemon/server/exec/DaemonCommandExecution;)V+63
j  org.gradle.launcher.daemon.server.exec.DaemonCommandExecution.proceed()Z+28
j  org.gradle.launcher.daemon.server.exec.LogToClient.doBuild(Lorg/gradle/launcher/daemon/server/exec/DaemonCommandExecution;Lorg/gradle/launcher/daemon/protocol/Build;)V+92
j  org.gradle.launcher.daemon.server.exec.BuildCommandOnly.execute(Lorg/gradle/launcher/daemon/server/exec/DaemonCommandExecution;)V+49
j  org.gradle.launcher.daemon.server.exec.DaemonCommandExecution.proceed()Z+28
j  org.gradle.launcher.daemon.server.exec.EstablishBuildEnvironment.doBuild(Lorg/gradle/launcher/daemon/server/exec/DaemonCommandExecution;Lorg/gradle/launcher/daemon/protocol/Build;)V+232
j  org.gradle.launcher.daemon.server.exec.BuildCommandOnly.execute(Lorg/gradle/launcher/daemon/server/exec/DaemonCommandExecution;)V+49
j  org.gradle.launcher.daemon.server.exec.DaemonCommandExecution.proceed()Z+28
j  org.gradle.launcher.daemon.server.exec.StartBuildOrRespondWithBusy$1.run()V+65
j  org.gradle.launcher.daemon.server.DaemonStateCoordinator.runCommand(Ljava/lang/Runnable;Ljava/lang/String;Ljava/lang/Runnable;)V+7
j  org.gradle.launcher.daemon.server.exec.StartBuildOrRespondWithBusy.doBuild(Lorg/gradle/launcher/daemon/server/exec/DaemonCommandExecution;Lorg/gradle/launcher/daemon/protocol/Build;)V+28
j  org.gradle.launcher.daemon.server.exec.BuildCommandOnly.execute(Lorg/gradle/launcher/daemon/server/exec/DaemonCommandExecution;)V+49
j  org.gradle.launcher.daemon.server.exec.DaemonCommandExecution.proceed()Z+28
j  org.gradle.launcher.daemon.server.exec.HandleStop.execute(Lorg/gradle/launcher/daemon/server/exec/DaemonCommandExecution;)V+40
j  org.gradle.launcher.daemon.server.exec.DaemonCommandExecution.proceed()Z+28
j  org.gradle.launcher.daemon.server.exec.DaemonHygieneAction.execute(Lorg/gradle/launcher/daemon/server/exec/DaemonCommandExecution;)V+1
j  org.gradle.launcher.daemon.server.exec.DaemonCommandExecution.proceed()Z+28
j  org.gradle.launcher.daemon.server.exec.CatchAndForwardDaemonFailure.execute(Lorg/gradle/launcher/daemon/server/exec/DaemonCommandExecution;)V+1
j  org.gradle.launcher.daemon.server.exec.DaemonCommandExecution.proceed()Z+28
j  org.gradle.launcher.daemon.server.exec.DefaultDaemonCommandExecuter.executeCommand(Lorg/gradle/launcher/daemon/server/exec/DaemonConnection;Lorg/gradle/launcher/daemon/protocol/Command;Lorg/gradle/launcher/daemon/context/DaemonContext;Lorg/gradle/launcher/daemon/server/exec/DaemonStateControl;Ljava/lang/Runnable;)V+19
j  org.gradle.launcher.daemon.server.DefaultIncomingConnectionHandler$ConnectionWorker.handleCommand(Lorg/gradle/launcher/daemon/protocol/Command;Lorg/gradle/launcher/daemon/server/exec/DaemonConnection;)V+75
j  org.gradle.launcher.daemon.server.DefaultIncomingConnectionHandler$ConnectionWorker.receiveAndHandleCommand()V+32
j  org.gradle.launcher.daemon.server.DefaultIncomingConnectionHandler$ConnectionWorker.run()V+1
j  org.gradle.internal.concurrent.DefaultExecutorFactory$StoppableExecutorImpl$1.run()V+18
j  java.util.concurrent.ThreadPoolExecutor.runWorker(Ljava/util/concurrent/ThreadPoolExecutor$Worker;)V+95
j  java.util.concurrent.ThreadPoolExecutor$Worker.run()V+5
j  java.lang.Thread.run()V+11
v  ~StubRoutines::call_stub

---------------  P R O C E S S  ---------------

Java Threads: ( => current thread )
  0x5cb37000 JavaThread "Stdin handler" [_thread_blocked, id=18520, stack(0x5e6af000,0x5e700000)]
  0x5e4f1400 JavaThread "Handler for socket connection at /127.0.0.1:45238 with /127.0.0.1:39182" [_thread_in_native, id=18517, stack(0x5e65e000,0x5e6af000)]
  0x5d7bf400 JavaThread "process reaper" daemon [_thread_blocked, id=18490, stack(0x5e588000,0x5e5a3000)]
=>0x097f1000 JavaThread "Daemon Thread 12" [_thread_in_vm, id=18435, stack(0x5d4af000,0x5d500000)]
  0x5dfaa800 JavaThread "File lock request listener" [_thread_in_native, id=16951, stack(0x5e1af000,0x5e200000)]
  0x5e8f2c00 JavaThread "Incoming local TCP Connector on port 45238" [_thread_in_native, id=16942, stack(0x5e91a000,0x5e96b000)]
  0x5fa2c800 JavaThread "Service Thread" daemon [_thread_blocked, id=16929, stack(0x5f489000,0x5f4da000)]
  0x5fa2a800 JavaThread "C2 CompilerThread1" daemon [_thread_blocked, id=16928, stack(0x5f4da000,0x5f55b000)]
  0x5fa28800 JavaThread "C2 CompilerThread0" daemon [_thread_blocked, id=16927, stack(0x5f55b000,0x5f5dc000)]
  0x5fa27000 JavaThread "Signal Dispatcher" daemon [_thread_blocked, id=16926, stack(0x5f5dc000,0x5f62d000)]
  0x5fa14000 JavaThread "Finalizer" daemon [_thread_blocked, id=16923, stack(0x5f95e000,0x5f9af000)]
  0x5fa12800 JavaThread "Reference Handler" daemon [_thread_blocked, id=16922, stack(0x5f9af000,0x5fa00000)]
  0xb6407800 JavaThread "main" [_thread_blocked, id=16918, stack(0xb6523000,0xb6574000)]

Other Threads:
  0x5fa10400 VMThread [stack: 0x62b36000,0x62bb7000] [id=16921]
  0x5fa2e400 WatcherThread [stack: 0x5f408000,0x5f489000] [id=16930]

VM state:not at safepoint (normal execution)

VM Mutex/Monitor currently owned by a thread:  ([mutex/lock_event])
[0xb6404bb8] ExpandHeap_lock - owner thread: 0x097f1000
[0xb6405510] Heap_lock - owner thread: 0x097f1000

Heap
 PSYoungGen      total 279808K, used 83443K [0x9dd40000, 0xb32c0000, 0xb32c0000)
  eden space 229376K, 14% used [0x9dd40000,0x9fd808d8,0xabd40000)
  from space 50432K, 99% used [0xb0180000,0xb32bc660,0xb32c0000)
  to   space 60160K, 0% used [0xabd40000,0xabd40000,0xaf800000)
 ParOldGen       total 140288K, used 82840K [0x732c0000, 0x7bbc0000, 0x9dd40000)
  object space 140288K, 59% used [0x732c0000,0x783a6108,0x7bbc0000)
 PSPermGen       total 59136K, used 59135K [0x632c0000, 0x66c80000, 0x732c0000)
  object space 59136K, 99% used [0x632c0000,0x66c7ffd8,0x66c80000)

Card table byte_map: [0x6303f000,0x632c0000] byte_map_base: 0x62d25a00

Polling page: 0xb76db000

Code Cache  [0xb339f000, 0xb38e7000, 0xb639f000)
 total_blobs=1868 nmethods=1476 adapters=345 free_code_cache=43837Kb largest_free_block=44811328

Compilation events (10 events):
Event: 2492,658 Thread 0x5fa28800 1593 %           groovy.lang.MetaClassImpl::applyPropertyDescriptors @ 8 (151 bytes)
Event: 2492,835 Thread 0x5fa2a800 1594             org.objectweb.asm.MethodWriter::visitFieldInsn (248 bytes)
Event: 2493,024 Thread 0x5fa2a800 nmethod 1594 0xb38d7508 code [0xb38d77c0, 0xb38d8bb4]
Event: 2493,028 Thread 0x5fa28800 nmethod 1593% 0xb38dac88 code [0xb38db2c0, 0xb38ddb34]
Event: 2493,113 Thread 0x5fa2a800 1595   !         org.gradle.api.internal.BeanDynamicObject$MetaClassAdapter::getProperty (148 bytes)
Event: 2493,134 Thread 0x5fa2a800 nmethod 1595 0xb3882e08 code [0xb3883040, 0xb38837dc]
Event: 2493,399 Thread 0x5fa28800 1596             java.io.ObjectStreamClass::hasWriteReplaceMethod (13 bytes)
Event: 2493,399 Thread 0x5fa28800 nmethod 1596 0xb38ab688 code [0xb38ab760, 0xb38ab7b0]
Event: 2496,227 Thread 0x5fa2a800 1597  s!         java.beans.PropertyDescriptor::getWriteMethod (159 bytes)
Event: 2497,523 Thread 0x5fa2a800 nmethod 1597 0xb35b6208 code [0xb35b6400, 0xb35b6bd4]

GC Heap History (10 events):
Event: 2377,299 GC heap before
{Heap before GC invocations=31 (full 10):
 PSYoungGen      total 264960K, used 216832K [0x9dd40000, 0xb0cc0000, 0xb32c0000)
  eden space 216832K, 100% used [0x9dd40000,0xab100000,0xab100000)
  from space 48128K, 0% used [0xadd80000,0xadd80000,0xb0c80000)
  to   space 45568K, 0% used [0xab100000,0xab100000,0xadd80000)
 ParOldGen       total 140288K, used 64478K [0x732c0000, 0x7bbc0000, 0x9dd40000)
  object space 140288K, 45% used [0x732c0000,0x771b7ab8,0x7bbc0000)
 PSPermGen       total 50688K, used 41305K [0x632c0000, 0x66440000, 0x732c0000)
  object space 50688K, 81% used [0x632c0000,0x65b16498,0x66440000)
Event: 2377,591 GC heap after
Heap after GC invocations=31 (full 10):
 PSYoungGen      total 262400K, used 27478K [0x9dd40000, 0xb3140000, 0xb32c0000)
  eden space 216832K, 0% used [0x9dd40000,0x9dd40000,0xab100000)
  from space 45568K, 60% used [0xab100000,0xacbd59d0,0xadd80000)
  to   space 46080K, 0% used [0xb0440000,0xb0440000,0xb3140000)
 ParOldGen       total 140288K, used 64478K [0x732c0000, 0x7bbc0000, 0x9dd40000)
  object space 140288K, 45% used [0x732c0000,0x771b7ab8,0x7bbc0000)
 PSPermGen       total 50688K, used 41305K [0x632c0000, 0x66440000, 0x732c0000)
  object space 50688K, 81% used [0x632c0000,0x65b16498,0x66440000)
}
Event: 2382,177 GC heap before
{Heap before GC invocations=32 (full 10):
 PSYoungGen      total 262400K, used 121300K [0x9dd40000, 0xb3140000, 0xb32c0000)
  eden space 216832K, 43% used [0x9dd40000,0xa38df750,0xab100000)
  from space 45568K, 60% used [0xab100000,0xacbd59d0,0xadd80000)
  to   space 46080K, 0% used [0xb0440000,0xb0440000,0xb3140000)
 ParOldGen       total 140288K, used 64478K [0x732c0000, 0x7bbc0000, 0x9dd40000)
  object space 140288K, 45% used [0x732c0000,0x771b7ab8,0x7bbc0000)
 PSPermGen       total 50688K, used 43902K [0x632c0000, 0x66440000, 0x732c0000)
  object space 50688K, 86% used [0x632c0000,0x65d9f970,0x66440000)
Event: 2382,636 GC heap after
Heap after GC invocations=32 (full 10):
 PSYoungGen      total 300544K, used 31138K [0x9dd40000, 0xb32c0000, 0xb32c0000)
  eden space 254464K, 0% used [0x9dd40000,0x9dd40000,0xad5c0000)
  from space 46080K, 67% used [0xb0440000,0xb22a8a30,0xb3140000)
  to   space 47616K, 0% used [0xad5c0000,0xad5c0000,0xb0440000)
 ParOldGen       total 140288K, used 64478K [0x732c0000, 0x7bbc0000, 0x9dd40000)
  object space 140288K, 45% used [0x732c0000,0x771b7ab8,0x7bbc0000)
 PSPermGen       total 50688K, used 43902K [0x632c0000, 0x66440000, 0x732c0000)
  object space 50688K, 86% used [0x632c0000,0x65d9f970,0x66440000)
}
Event: 2382,807 GC heap before
{Heap before GC invocations=33 (full 11):
 PSYoungGen      total 300544K, used 31138K [0x9dd40000, 0xb32c0000, 0xb32c0000)
  eden space 254464K, 0% used [0x9dd40000,0x9dd40000,0xad5c0000)
  from space 46080K, 67% used [0xb0440000,0xb22a8a30,0xb3140000)
  to   space 47616K, 0% used [0xad5c0000,0xad5c0000,0xb0440000)
 ParOldGen       total 140288K, used 64478K [0x732c0000, 0x7bbc0000, 0x9dd40000)
  object space 140288K, 45% used [0x732c0000,0x771b7ab8,0x7bbc0000)
 PSPermGen       total 50688K, used 43902K [0x632c0000, 0x66440000, 0x732c0000)
  object space 50688K, 86% used [0x632c0000,0x65d9f970,0x66440000)
Event: 2385,650 GC heap after
Heap after GC invocations=33 (full 11):
 PSYoungGen      total 300544K, used 0K [0x9dd40000, 0xb32c0000, 0xb32c0000)
  eden space 254464K, 0% used [0x9dd40000,0x9dd40000,0xad5c0000)
  from space 46080K, 0% used [0xb0440000,0xb0440000,0xb3140000)
  to   space 47616K, 0% used [0xad5c0000,0xad5c0000,0xb0440000)
 ParOldGen       total 140288K, used 77247K [0x732c0000, 0x7bbc0000, 0x9dd40000)
  object space 140288K, 55% used [0x732c0000,0x77e2fc80,0x7bbc0000)
 PSPermGen       total 59136K, used 43895K [0x632c0000, 0x66c80000, 0x732c0000)
  object space 59136K, 74% used [0x632c0000,0x65d9dfd0,0x66c80000)
}
Event: 2446,640 GC heap before
{Heap before GC invocations=34 (full 11):
 PSYoungGen      total 300544K, used 254464K [0x9dd40000, 0xb32c0000, 0xb32c0000)
  eden space 254464K, 100% used [0x9dd40000,0xad5c0000,0xad5c0000)
  from space 46080K, 0% used [0xb0440000,0xb0440000,0xb3140000)
  to   space 47616K, 0% used [0xad5c0000,0xad5c0000,0xb0440000)
 ParOldGen       total 140288K, used 77247K [0x732c0000, 0x7bbc0000, 0x9dd40000)
  object space 140288K, 55% used [0x732c0000,0x77e2fc80,0x7bbc0000)
 PSPermGen       total 59136K, used 51025K [0x632c0000, 0x66c80000, 0x732c0000)
  object space 59136K, 86% used [0x632c0000,0x664945b8,0x66c80000)
Event: 2446,873 GC heap after
Heap after GC invocations=34 (full 11):
 PSYoungGen      total 289792K, used 35308K [0x9dd40000, 0xb32c0000, 0xb32c0000)
  eden space 254464K, 0% used [0x9dd40000,0x9dd40000,0xad5c0000)
  from space 35328K, 99% used [0xad5c0000,0xaf83b2f0,0xaf840000)
  to   space 50432K, 0% used [0xb0180000,0xb0180000,0xb32c0000)
 ParOldGen       total 140288K, used 77247K [0x732c0000, 0x7bbc0000, 0x9dd40000)
  object space 140288K, 55% used [0x732c0000,0x77e2fc80,0x7bbc0000)
 PSPermGen       total 59136K, used 51025K [0x632c0000, 0x66c80000, 0x732c0000)
  object space 59136K, 86% used [0x632c0000,0x664945b8,0x66c80000)
}
Event: 2493,547 GC heap before
{Heap before GC invocations=35 (full 11):
 PSYoungGen      total 289792K, used 289772K [0x9dd40000, 0xb32c0000, 0xb32c0000)
  eden space 254464K, 100% used [0x9dd40000,0xad5c0000,0xad5c0000)
  from space 35328K, 99% used [0xad5c0000,0xaf83b2f0,0xaf840000)
  to   space 50432K, 0% used [0xb0180000,0xb0180000,0xb32c0000)
 ParOldGen       total 140288K, used 77247K [0x732c0000, 0x7bbc0000, 0x9dd40000)
  object space 140288K, 55% used [0x732c0000,0x77e2fc80,0x7bbc0000)
 PSPermGen       total 59136K, used 58442K [0x632c0000, 0x66c80000, 0x732c0000)
  object space 59136K, 98% used [0x632c0000,0x66bd28c0,0x66c80000)
Event: 2494,406 GC heap after
Heap after GC invocations=35 (full 11):
 PSYoungGen      total 279808K, used 50417K [0x9dd40000, 0xb32c0000, 0xb32c0000)
  eden space 229376K, 0% used [0x9dd40000,0x9dd40000,0xabd40000)
  from space 50432K, 99% used [0xb0180000,0xb32bc660,0xb32c0000)
  to   space 60160K, 0% used [0xabd40000,0xabd40000,0xaf800000)
 ParOldGen       total 140288K, used 82840K [0x732c0000, 0x7bbc0000, 0x9dd40000)
  object space 140288K, 59% used [0x732c0000,0x783a6108,0x7bbc0000)
 PSPermGen       total 59136K, used 58442K [0x632c0000, 0x66c80000, 0x732c0000)
  object space 59136K, 98% used [0x632c0000,0x66bd28c0,0x66c80000)
}

Deoptimization events (10 events):
Event: 2444,545 Thread 0x097f1000 Uncommon trap: reason=array_check action=maybe_recompile pc=0xb3899d84 method=java.util.TimSort.mergeHi(IIII)V @ 271
Event: 2444,545 Thread 0x097f1000 Uncommon trap: reason=array_check action=maybe_recompile pc=0xb3899d84 method=java.util.TimSort.mergeHi(IIII)V @ 271
Event: 2445,415 Thread 0x097f1000 Uncommon trap: reason=array_check action=maybe_recompile pc=0xb389c9e8 method=java.util.TimSort.mergeHi(IIII)V @ 512
Event: 2445,416 Thread 0x097f1000 Uncommon trap: reason=array_check action=maybe_recompile pc=0xb389cdfc method=java.util.TimSort.mergeHi(IIII)V @ 645
Event: 2445,416 Thread 0x097f1000 Uncommon trap: reason=array_check action=maybe_recompile pc=0xb389c9e8 method=java.util.TimSort.mergeHi(IIII)V @ 512
Event: 2445,770 Thread 0x097f1000 Uncommon trap: reason=unreached action=reinterpret pc=0xb3748bdc method=org.codehaus.groovy.util.AbstractConcurrentMapBase$Segment.rehash()V @ 122
Event: 2458,664 Thread 0x097f1000 Uncommon trap: reason=null_check action=make_not_entrant pc=0xb38c0f84 method=groovy.lang.MetaClassImpl.addMetaBeanProperty(Lgroovy/lang/MetaBeanProperty;)V @ 45
Event: 2462,202 Thread 0x097f1000 Uncommon trap: reason=class_check action=maybe_recompile pc=0xb356d6f8 method=java.lang.Throwable.<init>(Ljava/lang/String;Ljava/lang/Throwable;)V @ 24
Event: 2462,241 Thread 0x097f1000 Uncommon trap: reason=unreached action=reinterpret pc=0xb3528888 method=java.util.HashMap.getEntry(Ljava/lang/Object;)Ljava/util/HashMap$Entry; @ 10
Event: 2462,241 Thread 0x097f1000 Uncommon trap: reason=bimorphic action=maybe_recompile pc=0xb3716080 method=org.gradle.logging.internal.AbstractLineChoppingStyledTextOutput.doAppend(Ljava/lang/String;)V @ 99

Internal exceptions (10 events):
Event: 2498,056 Thread 0x097f1000 Threw 0x9f8c4f58 at /build/buildd/openjdk-7-7u71-2.5.3/build/openjdk/hotspot/src/share/vm/prims/jvm.cpp:1284
Event: 2498,056 Thread 0x097f1000 Threw 0x9f8c5508 at /build/buildd/openjdk-7-7u71-2.5.3/build/openjdk/hotspot/src/share/vm/classfile/systemDictionary.cpp:185
Event: 2498,056 Thread 0x097f1000 Threw 0x9f8cad78 at /build/buildd/openjdk-7-7u71-2.5.3/build/openjdk/hotspot/src/share/vm/prims/jvm.cpp:1284
Event: 2498,056 Thread 0x097f1000 Threw 0x9f8ccd20 at /build/buildd/openjdk-7-7u71-2.5.3/build/openjdk/hotspot/src/share/vm/prims/jvm.cpp:1284
Event: 2498,056 Thread 0x097f1000 Threw 0x9f8cdcc0 at /build/buildd/openjdk-7-7u71-2.5.3/build/openjdk/hotspot/src/share/vm/prims/jvm.cpp:1284
Event: 2498,057 Thread 0x097f1000 Threw 0x9f8d6db0 at /build/buildd/openjdk-7-7u71-2.5.3/build/openjdk/hotspot/src/share/vm/prims/jvm.cpp:1284
Event: 2498,057 Thread 0x097f1000 Threw 0x9f8d7360 at /build/buildd/openjdk-7-7u71-2.5.3/build/openjdk/hotspot/src/share/vm/classfile/systemDictionary.cpp:185
Event: 2498,062 Thread 0x097f1000 Threw 0x9f92eb50 at /build/buildd/openjdk-7-7u71-2.5.3/build/openjdk/hotspot/src/share/vm/prims/jvm.cpp:1284
Event: 2498,063 Thread 0x097f1000 Threw 0x9f92fa80 at /build/buildd/openjdk-7-7u71-2.5.3/build/openjdk/hotspot/src/share/vm/prims/jvm.cpp:1284
Event: 2498,063 Thread 0x097f1000 Threw 0x9f93ae00 at /build/buildd/openjdk-7-7u71-2.5.3/build/openjdk/hotspot/src/share/vm/prims/jvm.cpp:1284

Events (10 events):
Event: 2498,055 loading class 0x5d6a55d8
Event: 2498,055 loading class 0x5d6a55d8 done
Event: 2498,056 loading class 0x5d6a55d8
Event: 2498,056 loading class 0x5d6a55d8 done
Event: 2498,056 loading class 0x5d5a7740
Event: 2498,056 loading class 0x5d5a7740 done
Event: 2498,057 loading class 0x5d5a7740
Event: 2498,057 loading class 0x5d5a7740 done
Event: 2498,062 loading class 0x5d6a5638
Event: 2498,062 loading class 0x5d6a5638 done


Dynamic libraries:
08048000-08049000 r-xp 00000000 08:03 322501     /usr/lib/jvm/java-7-openjdk-i386/jre/bin/java
08049000-0804a000 r--p 00000000 08:03 322501     /usr/lib/jvm/java-7-openjdk-i386/jre/bin/java
0804a000-0804b000 rw-p 00001000 08:03 322501     /usr/lib/jvm/java-7-openjdk-i386/jre/bin/java
09722000-0a327000 rw-p 00000000 00:00 0          [heap]
5c500000-5c549000 rw-p 00000000 00:00 0 
5c549000-5c600000 ---p 00000000 00:00 0 
5c700000-5c7fb000 rw-p 00000000 00:00 0 
5c7fb000-5c800000 ---p 00000000 00:00 0 
5c800000-5c8ff000 rw-p 00000000 00:00 0 
5c8ff000-5c900000 ---p 00000000 00:00 0 
5c900000-5c9e8000 rw-p 00000000 00:00 0 
5c9e8000-5ca00000 ---p 00000000 00:00 0 
5ca00000-5caea000 rw-p 00000000 00:00 0 
5caea000-5cb00000 ---p 00000000 00:00 0 
5cb00000-5cd00000 rw-p 00000000 00:00 0 
5cd00000-5cf00000 rw-p 00000000 00:00 0 
5cf00000-5cffd000 rw-p 00000000 00:00 0 
5cffd000-5d000000 ---p 00000000 00:00 0 
5d000000-5d1f9000 rw-p 00000000 00:00 0 
5d1f9000-5d200000 ---p 00000000 00:00 0 
5d200000-5d2f4000 rw-p 00000000 00:00 0 
5d2f4000-5d300000 ---p 00000000 00:00 0 
5d300000-5d3fc000 rw-p 00000000 00:00 0 
5d3fc000-5d400000 ---p 00000000 00:00 0 
5d4af000-5d4b2000 ---p 00000000 00:00 0 
5d4b2000-5d500000 rw-p 00000000 00:00 0 
5d500000-5d5fb000 rw-p 00000000 00:00 0 
5d5fb000-5d600000 ---p 00000000 00:00 0 
5d600000-5d6fd000 rw-p 00000000 00:00 0 
5d6fd000-5d700000 ---p 00000000 00:00 0 
5d700000-5d7e6000 rw-p 00000000 00:00 0 
5d7e6000-5d800000 ---p 00000000 00:00 0 
5d800000-5d8fa000 rw-p 00000000 00:00 0 
5d8fa000-5d900000 ---p 00000000 00:00 0 
5d900000-5d9fc000 rw-p 00000000 00:00 0 
5d9fc000-5da00000 ---p 00000000 00:00 0 
5da00000-5daff000 rw-p 00000000 00:00 0 
5daff000-5db00000 ---p 00000000 00:00 0 
5db00000-5dc00000 rw-p 00000000 00:00 0 
5dc0d000-5dc10000 ---p 00000000 00:00 0 
5dc10000-5dc5e000 rw-p 00000000 00:00 0 
5dc5e000-5dc61000 ---p 00000000 00:00 0 
5dc61000-5dcaf000 rw-p 00000000 00:00 0 
5dcaf000-5dcb2000 ---p 00000000 00:00 0 
5dcb2000-5dd00000 rw-p 00000000 00:00 0 
5dd00000-5deff000 rw-p 00000000 00:00 0 
5deff000-5df00000 ---p 00000000 00:00 0 
5df00000-5dff9000 rw-p 00000000 00:00 0 
5dff9000-5e000000 ---p 00000000 00:00 0 
5e000000-5e0e9000 rw-p 00000000 00:00 0 
5e0e9000-5e100000 ---p 00000000 00:00 0 
5e101000-5e104000 ---p 00000000 00:00 0 
5e104000-5e152000 rw-p 00000000 00:00 0 
5e152000-5e185000 r--s 00203000 08:05 13655305   /home/igdaza/.gradle/caches/modules-2/files-2.1/org.bouncycastle/bcprov-jdk15on/1.48/960dea7c9181ba0b17e8bab0c06a43f0a5f04e65/bcprov-jdk15on-1.48.jar
5e185000-5e1af000 r--s 001e9000 08:05 13655304   /home/igdaza/.gradle/caches/modules-2/files-2.1/com.google.guava/guava/15.0/ed727a8d9f247e2050281cb083f1c77b09dcb5cd/guava-15.0.jar
5e1af000-5e1b2000 ---p 00000000 00:00 0 
5e1b2000-5e200000 rw-p 00000000 00:00 0 
5e200000-5e2fe000 rw-p 00000000 00:00 0 
5e2fe000-5e300000 ---p 00000000 00:00 0 
5e300000-5e3fc000 rw-p 00000000 00:00 0 
5e3fc000-5e400000 ---p 00000000 00:00 0 
5e400000-5e4f9000 rw-p 00000000 00:00 0 
5e4f9000-5e500000 ---p 00000000 00:00 0 
5e503000-5e505000 r--s 0000d000 08:05 13655311   /home/igdaza/.gradle/caches/modules-2/files-2.1/commons-codec/commons-codec/1.4/4216af16d38465bbab0f3dff8efa14204f7a399a/commons-codec-1.4.jar
5e505000-5e507000 r--s 0000d000 08:05 13655310   /home/igdaza/.gradle/caches/modules-2/files-2.1/commons-logging/commons-logging/1.1.1/5043bfebc3db072ed80fbd362e7caf00e885d8ae/commons-logging-1.1.1.jar
5e507000-5e50c000 r--s 00028000 08:05 13655309   /home/igdaza/.gradle/caches/modules-2/files-2.1/org.apache.httpcomponents/httpcore/4.1/33fc26c02f8043ab0ede19eadc8c9885386b255c/httpcore-4.1.jar
5e50c000-5e50e000 r--s 00004000 08:05 13655308   /home/igdaza/.gradle/caches/modules-2/files-2.1/org.ow2.asm/asm-tree/4.0/67bd266cd17adcee486b76952ece4cc85fe248b8/asm-tree-4.0.jar
5e50e000-5e517000 r--s 000a7000 08:05 13655307   /home/igdaza/.gradle/caches/modules-2/files-2.1/com.android.tools.external.lombok/lombok-ast/0.2.2/57e560b535ceaa14fb6f15422d74594acd6c5b64/lombok-ast-0.2.2.jar
5e517000-5e519000 r--s 0000a000 08:05 13655306   /home/igdaza/.gradle/caches/modules-2/files-2.1/org.ow2.asm/asm/4.0/659add6efc75a4715d738e73f07505246edf4d66/asm-4.0.jar
5e519000-5e520000 r--s 00053000 08:05 13655303   /home/igdaza/.gradle/caches/modules-2/files-2.1/org.apache.commons/commons-compress/1.8.1/a698750c16740fd5b3871425f4cb3bbaa87f529d/commons-compress-1.8.1.jar
5e520000-5e521000 r--s 00005000 08:05 13655302   /home/igdaza/.gradle/caches/modules-2/files-2.1/com.android.tools/dvlib/23.0.2/e37720cb9d7e2775a4b8b22b12bbb4bb9187c8bf/dvlib-23.0.2.jar
5e521000-5e523000 r--s 00005000 08:05 13655301   /home/igdaza/.gradle/caches/modules-2/files-2.1/org.apache.httpcomponents/httpmime/4.1/9ba2dcdf94ce35c8a8e9bff242db0618ca932e92/httpmime-4.1.jar
5e523000-5e526000 r--s 00010000 08:05 13655300   /home/igdaza/.gradle/caches/modules-2/files-2.1/com.android.tools.layoutlib/layoutlib-api/23.0.2/d97fb910dafd7b29bdff95296dcd2649fadef02e/layoutlib-api-23.0.2.jar
5e526000-5e52e000 r--s 0004e000 08:05 13655299   /home/igdaza/.gradle/caches/modules-2/files-2.1/org.apache.httpcomponents/httpclient/4.1.1/3d1d918f32709e33ba7ddb2c4e8d1c543ebe713e/httpclient-4.1.1.jar
5e52e000-5e52f000 r--s 0000a000 08:05 13655298   /home/igdaza/.gradle/caches/modules-2/files-2.1/net.sf.kxml/kxml2/2.3.0/ccbc77a5fd907ef863c29f3596c6f54ffa4e9442/kxml2-2.3.0.jar
5e52f000-5e530000 r--s 00004000 08:05 13655297   /home/igdaza/.gradle/caches/modules-2/files-2.1/org.ow2.asm/asm-analysis/4.0/1c45d52b6f6c638db13cf3ac12adeb56b254cdd7/asm-analysis-4.0.jar
5e530000-5e533000 r--s 00027000 08:05 13655296   /home/igdaza/.gradle/caches/modules-2/files-2.1/com.android.tools.lint/lint-api/23.0.2/9660c0f32f9308dd2ac998f4928cebcd4095b27/lint-api-23.0.2.jar
5e533000-5e541000 r--s 00081000 08:05 13655295   /home/igdaza/.gradle/caches/modules-2/files-2.1/org.bouncycastle/bcpkix-jdk15on/1.48/28b7614b908a47844bb27e3c94b45b6893656265/bcpkix-jdk15on-1.48.jar
5e541000-5e543000 r--s 00002000 08:05 13655294   /home/igdaza/.gradle/caches/modules-2/files-2.1/com.squareup/javawriter/2.5.0/81241ff7078ef14f42ea2a8995fa09c096256e6b/javawriter-2.5.0.jar
5e543000-5e544000 r--s 00000000 08:05 13655293   /home/igdaza/.gradle/caches/modules-2/files-2.1/com.android.tools.build/builder-test-api/0.12.2/a7f31faaee3de23ba810c109abc1658715f4416d/builder-test-api-0.12.2.jar
5e544000-5e547000 r--s 00012000 08:05 13655292   /home/igdaza/.gradle/caches/modules-2/files-2.1/com.android.tools/common/23.0.2/4d5ff345915e0af52765039b75adce89fae798af/common-23.0.2.jar
5e547000-5e551000 r--s 000a4000 08:05 13655291   /home/igdaza/.gradle/caches/modules-2/files-2.1/com.android.tools/sdklib/23.0.2/74dc50f859e787a548641d613a04ce2a7cf48bee/sdklib-23.0.2.jar
5e551000-5e554000 r--s 00028000 08:05 13655290   /home/igdaza/.gradle/caches/modules-2/files-2.1/com.android.tools.build/manifest-merger/23.0.2/93c8f86db4a5ad8e8f034c672b85594326268a9c/manifest-merger-23.0.2.jar
5e554000-5e559000 r--s 0003d000 08:05 13655289   /home/igdaza/.gradle/caches/modules-2/files-2.1/com.android.tools.ddms/ddmlib/23.0.2/3e454a33c6790eb497c725f346cd2b80cb67ff6d/ddmlib-23.0.2.jar
5e559000-5e55b000 r--s 00003000 08:05 13655288   /home/igdaza/.gradle/caches/modules-2/files-2.1/com.android.tools.build/builder-model/0.12.2/ea4eff69bb86efd0e6b2055ba0b3314779033be6/builder-model-0.12.2.jar
5e55b000-5e560000 r--s 00044000 08:05 13655287   /home/igdaza/.gradle/caches/modules-2/files-2.1/com.android.tools/sdk-common/23.0.2/ec49e38e6c2ae9d7003f7836fe865b39aeba77fe/sdk-common-23.0.2.jar
5e560000-5e566000 r--s 00087000 08:05 13655286   /home/igdaza/.gradle/caches/modules-2/files-2.1/com.android.tools.lint/lint-checks/23.0.2/e6fe7bac82c4845d3e69e0dd54b1801a91568ffd/lint-checks-23.0.2.jar
5e566000-5e575000 r--s 001a9000 08:05 13655285   /home/igdaza/.gradle/caches/modules-2/files-2.1/org.eclipse.jdt.core.compiler/ecj/4.2.2/d9fd79499c664bccaf24dbe04be417de6c6af64a/ecj-4.2.2.jar
5e575000-5e585000 r--s 000c5000 08:05 13655284   /home/igdaza/.gradle/caches/modules-2/files-2.1/net.sf.proguard/proguard-base/4.11/76730af417bb42da22b16e49f49e67863382b9bd/proguard-base-4.11.jar
5e585000-5e588000 r--s 0002a000 08:05 13655283   /home/igdaza/.gradle/caches/modules-2/files-2.1/com.android.tools.build/builder/0.12.2/3673e1c415b054caccc3231dcdff959cfcb315f6/builder-0.12.2.jar
5e588000-5e58b000 ---p 00000000 00:00 0 
5e58b000-5e5a3000 rw-p 00000000 00:00 0 
5e5a3000-5e60d000 r--s 0069e000 08:03 322667     /usr/lib/jvm/java-7-openjdk-i386/lib/tools.jar
5e60d000-5e610000 ---p 00000000 00:00 0 
5e610000-5e65e000 rw-p 00000000 00:00 0 
5e65e000-5e661000 ---p 00000000 00:00 0 
5e661000-5e6af000 rw-p 00000000 00:00 0 
5e6af000-5e6b2000 ---p 00000000 00:00 0 
5e6b2000-5e700000 rw-p 00000000 00:00 0 
5e700000-5e7e9000 rw-p 00000000 00:00 0 
5e7e9000-5e800000 ---p 00000000 00:00 0 
5e800000-5e8ff000 rw-p 00000000 00:00 0 
5e8ff000-5e900000 ---p 00000000 00:00 0 
5e901000-5e903000 r--s 00016000 08:05 13655282   /home/igdaza/.gradle/caches/modules-2/files-2.1/com.android.tools.lint/lint/23.0.2/e247d675952dd9f24f6b064bac3d7d1639d0043e/lint-23.0.2.jar
5e903000-5e904000 r--s 00002000 08:05 13655281   /home/igdaza/.gradle/caches/modules-2/files-2.1/net.sf.proguard/proguard-gradle/4.11/da875d4b67a8be6c770b11d894434843714ac69d/proguard-gradle-4.11.jar
5e904000-5e911000 r--s 0010b000 08:05 13655280   /home/igdaza/.gradle/caches/modules-2/files-2.1/com.android.tools.build/gradle/0.12.2/786baefe9fc55777558acbba1bc1d9c6ec0925a8/gradle-0.12.2.jar
5e911000-5e91a000 r--s 000b9000 08:03 322451     /usr/lib/jvm/java-7-openjdk-i386/jre/lib/resources.jar
5e91a000-5e91d000 ---p 00000000 00:00 0 
5e91d000-5e96b000 rw-p 00000000 00:00 0 
5e96b000-5e96f000 r-xp 00000000 08:03 186917     /tmp/native-platform3435298644938417082dir/libnative-platform.so
5e96f000-5e970000 rw-p 00003000 08:03 186917     /tmp/native-platform3435298644938417082dir/libnative-platform.so
5e970000-5e975000 r--s 0004c000 08:03 322440     /usr/lib/jvm/java-7-openjdk-i386/jre/lib/jsse.jar
5e975000-5e977000 r--s 00003000 08:05 13636319   /home/igdaza/.gradle/wrapper/dists/gradle-1.12-all/2apkk7d25miauqf1pdjp1bm0uo/gradle-1.12/lib/plugins/gradle-language-base-1.12.jar
5e977000-5e97c000 r--s 00029000 08:05 13636315   /home/igdaza/.gradle/wrapper/dists/gradle-1.12-all/2apkk7d25miauqf1pdjp1bm0uo/gradle-1.12/lib/plugins/gradle-build-init-1.12.jar
5e97c000-5e97f000 r--s 0001f000 08:05 13636314   /home/igdaza/.gradle/wrapper/dists/gradle-1.12-all/2apkk7d25miauqf1pdjp1bm0uo/gradle-1.12/lib/plugins/gradle-jacoco-1.12.jar
5e97f000-5e982000 r--s 0000c000 08:05 13636313   /home/igdaza/.gradle/wrapper/dists/gradle-1.12-all/2apkk7d25miauqf1pdjp1bm0uo/gradle-1.12/lib/plugins/gradle-ivy-1.12.jar
5e982000-5e984000 r--s 00002000 08:05 13636312   /home/igdaza/.gradle/wrapper/dists/gradle-1.12-all/2apkk7d25miauqf1pdjp1bm0uo/gradle-1.12/lib/plugins/gradle-publish-1.12.jar
5e984000-5e986000 r--s 00005000 08:05 13636362   /home/igdaza/.gradle/wrapper/dists/gradle-1.12-all/2apkk7d25miauqf1pdjp1bm0uo/gradle-1.12/lib/plugins/jatl-0.2.2.jar
5e986000-5e988000 r--s 00007000 08:05 13636311   /home/igdaza/.gradle/wrapper/dists/gradle-1.12-all/2apkk7d25miauqf1pdjp1bm0uo/gradle-1.12/lib/plugins/gradle-reporting-1.12.jar
5e988000-5e98d000 r--s 0003c000 08:05 13636309   /home/igdaza/.gradle/wrapper/dists/gradle-1.12-all/2apkk7d25miauqf1pdjp1bm0uo/gradle-1.12/lib/plugins/gradle-diagnostics-1.12.jar
5e98d000-5e994000 r--s 00094000 08:05 13636308   /home/igdaza/.gradle/wrapper/dists/gradle-1.12-all/2apkk7d25miauqf1pdjp1bm0uo/gradle-1.12/lib/plugins/gradle-build-comparison-1.12.jar
5e994000-5e99b000 r--s 00035000 08:05 13636361   /home/igdaza/.gradle/wrapper/dists/gradle-1.12-all/2apkk7d25miauqf1pdjp1bm0uo/gradle-1.12/lib/plugins/simple-4.1.21.jar
5e99b000-5e9a0000 r--s 0002a000 08:05 13636357   /home/igdaza/.gradle/wrapper/dists/gradle-1.12-all/2apkk7d25miauqf1pdjp1bm0uo/gradle-1.12/lib/plugins/gson-2.2.4.jar
5e9a0000-5e9ac000 r--s 00100000 08:05 13636356   /home/igdaza/.gradle/wrapper/dists/gradle-1.12-all/2apkk7d25miauqf1pdjp1bm0uo/gradle-1.12/lib/plugins/rhino-1.7R3.jar
5e9ac000-5e9b1000 r--s 00021000 08:05 13636307   /home/igdaza/.gradle/wrapper/dists/gradle-1.12-all/2apkk7d25miauqf1pdjp1bm0uo/gradle-1.12/lib/plugins/gradle-javascript-1.12.jar
5e9b1000-5e9b3000 r--s 0000f000 08:05 13636306   /home/igdaza/.gradle/wrapper/dists/gradle-1.12-all/2apkk7d25miauqf1pdjp1bm0uo/gradle-1.12/lib/plugins/gradle-ear-1.12.jar
5e9b3000-5e9c9000 r--s 000de000 08:05 13636305   /home/igdaza/.gradle/wrapper/dists/gradle-1.12-all/2apkk7d25miauqf1pdjp1bm0uo/gradle-1.12/lib/plugins/gradle-cpp-1.12.jar
5e9c9000-5e9f1000 r--s 00194000 08:05 13636386   /home/igdaza/.gradle/wrapper/dists/gradle-1.12-all/2apkk7d25miauqf1pdjp1bm0uo/gradle-1.12/lib/plugins/bcprov-jdk15-1.46.jar
5e9f1000-5e9f5000 r--s 00025000 08:05 13636351   /home/igdaza/.gradle/wrapper/dists/gradle-1.12-all/2apkk7d25miauqf1pdjp1bm0uo/gradle-1.12/lib/plugins/bcpg-jdk15-1.46.jar
5e9f5000-5e9f8000 r--s 00021000 08:05 13636304   /home/igdaza/.gradle/wrapper/dists/gradle-1.12-all/2apkk7d25miauqf1pdjp1bm0uo/gradle-1.12/lib/plugins/gradle-signing-1.12.jar
5e9f8000-5e9fb000 r--s 00022000 08:05 13636303   /home/igdaza/.gradle/wrapper/dists/gradle-1.12-all/2apkk7d25miauqf1pdjp1bm0uo/gradle-1.12/lib/plugins/gradle-sonar-1.12.jar
5e9fb000-5e9fe000 r--s 0001c000 08:05 13636302   /home/igdaza/.gradle/wrapper/dists/gradle-1.12-all/2apkk7d25miauqf1pdjp1bm0uo/gradle-1.12/lib/plugins/gradle-scala-1.12.jar
5e9fe000-5ea00000 r--s 00004000 08:05 13636295   /home/igdaza/.gradle/wrapper/dists/gradle-1.12-all/2apkk7d25miauqf1pdjp1bm0uo/gradle-1.12/lib/plugins/gradle-antlr-1.12.jar
5ea00000-5eb00000 rw-p 00000000 00:00 0 
5eb00000-5ec00000 rw-p 00000000 00:00 0 
5ec00000-5ec01000 r--p 00000000 00:00 0 
5ec01000-5ec03000 r--s 0000f000 08:05 13636301   /home/igdaza/.gradle/wrapper/dists/gradle-1.12-all/2apkk7d25miauqf1pdjp1bm0uo/gradle-1.12/lib/plugins/gradle-announce-1.12.jar
5ec03000-5ec10000 r--s 000cf000 08:05 13636299   /home/igdaza/.gradle/wrapper/dists/gradle-1.12-all/2apkk7d25miauqf1pdjp1bm0uo/gradle-1.12/lib/plugins/gradle-ide-1.12.jar
5ec10000-5ec12000 r--s 00000000 08:05 13636345   /home/igdaza/.gradle/wrapper/dists/gradle-1.12-all/2apkk7d25miauqf1pdjp1bm0uo/gradle-1.12/lib/plugins/plexus-component-annotations-1.5.2.jar
5ec12000-5ec15000 r--s 0000c000 08:05 13636344   /home/igdaza/.gradle/wrapper/dists/gradle-1.12-all/2apkk7d25miauqf1pdjp1bm0uo/gradle-1.12/lib/plugins/pmaven-groovy-0.8-20100325.jar
5ec15000-5ec1a000 r--s 0001d000 08:05 13636298   /home/igdaza/.gradle/wrapper/dists/gradle-1.12-all/2apkk7d25miauqf1pdjp1bm0uo/gradle-1.12/lib/plugins/gradle-maven-1.12.jar
5ec1a000-5ec32000 r--s 0013b000 08:05 13636339   /home/igdaza/.gradle/wrapper/dists/gradle-1.12-all/2apkk7d25miauqf1pdjp1bm0uo/gradle-1.12/lib/plugins/bndlib-2.1.0.jar
5ec32000-5ec37000 r--s 00068000 08:05 13636338   /home/igdaza/.gradle/wrapper/dists/gradle-1.12-all/2apkk7d25miauqf1pdjp1bm0uo/gradle-1.12/lib/plugins/antlr-2.7.7.jar
5ec37000-5ec3a000 r--s 0001e000 08:05 13636385   /home/igdaza/.gradle/wrapper/dists/gradle-1.12-all/2apkk7d25miauqf1pdjp1bm0uo/gradle-1.12/lib/plugins/jsp-api-2.1-6.1.14.jar
5ec3a000-5ec5d000 r--s 00344000 08:05 13636377   /home/igdaza/.gradle/wrapper/dists/gradle-1.12-all/2apkk7d25miauqf1pdjp1bm0uo/gradle-1.12/lib/plugins/core-3.1.1.jar
5ec5d000-5ec5f000 r--s 00002000 08:05 13636332   /home/igdaza/.gradle/wrapper/dists/gradle-1.12-all/2apkk7d25miauqf1pdjp1bm0uo/gradle-1.12/lib/plugins/jetty-annotations-6.1.25.jar
5ec5f000-5ec70000 r--s 000ea000 08:05 13636331   /home/igdaza/.gradle/wrapper/dists/gradle-1.12-all/2apkk7d25miauqf1pdjp1bm0uo/gradle-1.12/lib/plugins/jsp-2.1-6.1.14.jar
5ec70000-5ec72000 r--s 0000d000 08:05 13636330   /home/igdaza/.gradle/wrapper/dists/gradle-1.12-all/2apkk7d25miauqf1pdjp1bm0uo/gradle-1.12/lib/plugins/jetty-plus-6.1.25.jar
5ec72000-5ec74000 r--s 0001f000 08:05 13636329   /home/igdaza/.gradle/wrapper/dists/gradle-1.12-all/2apkk7d25miauqf1pdjp1bm0uo/gradle-1.12/lib/plugins/servlet-api-2.5-20081211.jar
5ec74000-5ec78000 r--s 00028000 08:05 13636328   /home/igdaza/.gradle/wrapper/dists/gradle-1.12-all/2apkk7d25miauqf1pdjp1bm0uo/gradle-1.12/lib/plugins/jetty-util-6.1.25.jar
5ec78000-5ec7f000 r--s 0007d000 08:05 13636327   /home/igdaza/.gradle/wrapper/dists/gradle-1.12-all/2apkk7d25miauqf1pdjp1bm0uo/gradle-1.12/lib/plugins/jetty-6.1.25.jar
5ec7f000-5ec81000 r--s 00009000 08:05 13636294   /home/igdaza/.gradle/wrapper/dists/gradle-1.12-all/2apkk7d25miauqf1pdjp1bm0uo/gradle-1.12/lib/plugins/gradle-jetty-1.12.jar
5ec81000-5ec87000 r--s 0004c000 08:05 13636293   /home/igdaza/.gradle/wrapper/dists/gradle-1.12-all/2apkk7d25miauqf1pdjp1bm0uo/gradle-1.12/lib/plugins/gradle-code-quality-1.12.jar
5ec87000-5ec89000 r--s 00009000 08:05 13636389   /home/igdaza/.gradle/wrapper/dists/gradle-1.12-all/2apkk7d25miauqf1pdjp1bm0uo/gradle-1.12/lib/plugins/hamcrest-core-1.3.jar
5ec89000-5ec8f000 r--s 00033000 08:05 13636375   /home/igdaza/.gradle/wrapper/dists/gradle-1.12-all/2apkk7d25miauqf1pdjp1bm0uo/gradle-1.12/lib/plugins/snakeyaml-1.6.jar
5ec8f000-5ec91000 r--s 00006000 08:05 13636374   /home/igdaza/.gradle/wrapper/dists/gradle-1.12-all/2apkk7d25miauqf1pdjp1bm0uo/gradle-1.12/lib/plugins/jcommander-1.12.jar
5ec91000-5ec96000 r--s 00040000 08:05 13636371   /home/igdaza/.gradle/wrapper/dists/gradle-1.12-all/2apkk7d25miauqf1pdjp1bm0uo/gradle-1.12/lib/plugins/bsh-2.0b4.jar
5ec96000-5ec98000 r--s 00009000 08:05 13636324   /home/igdaza/.gradle/wrapper/dists/gradle-1.12-all/2apkk7d25miauqf1pdjp1bm0uo/gradle-1.12/lib/plugins/commons-cli-1.2.jar
5ec98000-5eca1000 r--s 00089000 08:05 13636323   /home/igdaza/.gradle/wrapper/dists/gradle-1.12-all/2apkk7d25miauqf1pdjp1bm0uo/gradle-1.12/lib/plugins/testng-6.3.1.jar
5eca1000-5eca7000 r--s 00036000 08:05 13636321   /home/igdaza/.gradle/wrapper/dists/gradle-1.12-all/2apkk7d25miauqf1pdjp1bm0uo/gradle-1.12/lib/plugins/junit-4.11.jar
5eca7000-5ecb9000 r--s 000b4000 08:05 13636292   /home/igdaza/.gradle/wrapper/dists/gradle-1.12-all/2apkk7d25miauqf1pdjp1bm0uo/gradle-1.12/lib/plugins/gradle-plugins-1.12.jar
5ecb9000-5ecd1000 r--s 00115000 08:05 13636387   /home/igdaza/.gradle/wrapper/dists/gradle-1.12-all/2apkk7d25miauqf1pdjp1bm0uo/gradle-1.12/lib/plugins/xercesImpl-2.9.1.jar
5ecd1000-5ecd9000 r--s 00028000 08:05 13636388   /home/igdaza/.gradle/wrapper/dists/gradle-1.12-all/2apkk7d25miauqf1pdjp1bm0uo/gradle-1.12/lib/plugins/xml-apis-1.3.04.jar
5ecd9000-5ecdd000 r--s 0001d000 08:05 13636367   /home/igdaza/.gradle/wrapper/dists/gradle-1.12-all/2apkk7d25miauqf1pdjp1bm0uo/gradle-1.12/lib/plugins/xbean-reflect-3.4.jar
5ecdd000-5ece0000 r--s 0001c000 08:05 13636365   /home/igdaza/.gradle/wrapper/dists/gradle-1.12-all/2apkk7d25miauqf1pdjp1bm0uo/gradle-1.12/lib/plugins/nekohtml-1.9.14.jar
5ece0000-5ecf9000 r--s 00129000 08:05 13636342   /home/igdaza/.gradle/wrapper/dists/gradle-1.12-all/2apkk7d25miauqf1pdjp1bm0uo/gradle-1.12/lib/plugins/maven-ant-tasks-2.1.3.jar
5ecf9000-5ecfd000 r--s 0001e000 08:05 13636291   /home/igdaza/.gradle/wrapper/dists/gradle-1.12-all/2apkk7d25miauqf1pdjp1bm0uo/gradle-1.12/lib/plugins/jarjar-aether-impl-1.13.1.jar
5ecfd000-5ed00000 r--s 00027000 08:05 13636288   /home/igdaza/.gradle/wrapper/dists/gradle-1.12-all/2apkk7d25miauqf1pdjp1bm0uo/gradle-1.12/lib/plugins/jarjar-maven-model-3.0.4.jar
5ed00000-5edff000 rw-p 00000000 00:00 0 
5edff000-5ee00000 ---p 00000000 00:00 0 
5ee00000-5ee01000 r--s 00004000 08:05 13636316   /home/igdaza/.gradle/wrapper/dists/gradle-1.12-all/2apkk7d25miauqf1pdjp1bm0uo/gradle-1.12/lib/plugins/gradle-language-jvm-1.12.jar
5ee01000-5ee05000 r--s 0001e000 08:05 13636286   /home/igdaza/.gradle/wrapper/dists/gradle-1.12-all/2apkk7d25miauqf1pdjp1bm0uo/gradle-1.12/lib/plugins/jarjar-aether-util-1.13.1.jar
5ee05000-5ee07000 r--s 00007000 08:05 13636285   /home/igdaza/.gradle/wrapper/dists/gradle-1.12-all/2apkk7d25miauqf1pdjp1bm0uo/gradle-1.12/lib/plugins/jarjar-wagon-http-shared4-2.4.jar
5ee07000-5ee14000 r--s 00083000 08:05 13636284   /home/igdaza/.gradle/wrapper/dists/gradle-1.12-all/2apkk7d25miauqf1pdjp1bm0uo/gradle-1.12/lib/plugins/jarjar-maven-core-3.0.4.jar
5ee14000-5ee16000 r--s 00003000 08:05 13636283   /home/igdaza/.gradle/wrapper/dists/gradle-1.12-all/2apkk7d25miauqf1pdjp1bm0uo/gradle-1.12/lib/plugins/jarjar-aether-spi-1.13.1.jar
5ee16000-5ee18000 r--s 00009000 08:05 13636281   /home/igdaza/.gradle/wrapper/dists/gradle-1.12-all/2apkk7d25miauqf1pdjp1bm0uo/gradle-1.12/lib/plugins/jarjar-maven-settings-builder-3.0.4.jar
5ee18000-5ee1c000 r--s 00014000 08:05 13636277   /home/igdaza/.gradle/wrapper/dists/gradle-1.12-all/2apkk7d25miauqf1pdjp1bm0uo/gradle-1.12/lib/plugins/jarjar-aether-api-1.13.1.jar
5ee1c000-5ee1d000 r--s 00002000 08:05 13636275   /home/igdaza/.gradle/wrapper/dists/gradle-1.12-all/2apkk7d25miauqf1pdjp1bm0uo/gradle-1.12/lib/plugins/jarjar-wagon-http-2.4.jar
5ee1d000-5ee24000 r--s 00042000 08:05 13636274   /home/igdaza/.gradle/wrapper/dists/gradle-1.12-all/2apkk7d25miauqf1pdjp1bm0uo/gradle-1.12/lib/plugins/jarjar-maven-compat-3.0.4.jar
5ee24000-5ee26000 r--s 00006000 08:05 13636273   /home/igdaza/.gradle/wrapper/dists/gradle-1.12-all/2apkk7d25miauqf1pdjp1bm0uo/gradle-1.12/lib/plugins/jarjar-aether-connector-wagon-1.13.1.jar
5ee26000-5ee28000 r--s 00000000 08:05 13636272   /home/igdaza/.gradle/wrapper/dists/gradle-1.12-all/2apkk7d25miauqf1pdjp1bm0uo/gradle-1.12/lib/plugins/jarjar-plexus-component-annotations-1.5.5.jar
5ee28000-5ee2a000 r--s 00006000 08:05 13636271   /home/igdaza/.gradle/wrapper/dists/gradle-1.12-all/2apkk7d25miauqf1pdjp1bm0uo/gradle-1.12/lib/plugins/jarjar-plexus-sec-dispatcher-1.3.jar
5ee2a000-5ee2f000 r--s 00022000 08:05 13636270   /home/igdaza/.gradle/wrapper/dists/gradle-1.12-all/2apkk7d25miauqf1pdjp1bm0uo/gradle-1.12/lib/plugins/jarjar-maven-model-builder-3.0.4.jar
5ee2f000-5ee31000 r--s 0000b000 08:05 13636269   /home/igdaza/.gradle/wrapper/dists/gradle-1.12-all/2apkk7d25miauqf1pdjp1bm0uo/gradle-1.12/lib/plugins/jarjar-maven-plugin-api-3.0.4.jar
5ee31000-5ee34000 r--s 0000a000 08:05 13636268   /home/igdaza/.gradle/wrapper/dists/gradle-1.12-all/2apkk7d25miauqf1pdjp1bm0uo/gradle-1.12/lib/plugins/jarjar-plexus-classworlds-2.4.jar
5ee34000-5ee38000 r--s 00035000 08:05 13636267   /home/igdaza/.gradle/wrapper/dists/gradle-1.12-all/2apkk7d25miauqf1pdjp1bm0uo/gradle-1.12/lib/plugins/jarjar-plexus-utils-2.0.6.jar
5ee38000-5ee3a000 r--s 0000e000 08:05 13636262   /home/igdaza/.gradle/wrapper/dists/gradle-1.12-all/2apkk7d25miauqf1pdjp1bm0uo/gradle-1.12/lib/plugins/jarjar-plexus-interpolation-1.14.jar
5ee3a000-5ee3c000 r--s 00002000 08:05 13636261   /home/igdaza/.gradle/wrapper/dists/gradle-1.12-all/2apkk7d25miauqf1pdjp1bm0uo/gradle-1.12/lib/plugins/jarjar-plexus-cipher-1.7.jar
5ee3c000-5ee3e000 r--s 0000c000 08:05 13636255   /home/igdaza/.gradle/wrapper/dists/gradle-1.12-all/2apkk7d25miauqf1pdjp1bm0uo/gradle-1.12/lib/plugins/jarjar-wagon-provider-api-2.4.jar
5ee3e000-5ee40000 r--s 0000d000 08:05 13636254   /home/igdaza/.gradle/wrapper/dists/gradle-1.12-all/2apkk7d25miauqf1pdjp1bm0uo/gradle-1.12/lib/plugins/jarjar-maven-aether-provider-3.0.4.jar
5ee40000-5ee48000 r--s 00031000 08:05 13636253   /home/igdaza/.gradle/wrapper/dists/gradle-1.12-all/2apkk7d25miauqf1pdjp1bm0uo/gradle-1.12/lib/plugins/jarjar-plexus-container-default-1.5.5.jar
5ee48000-5ee49000 r--s 00007000 08:05 13636252   /home/igdaza/.gradle/wrapper/dists/gradle-1.12-all/2apkk7d25miauqf1pdjp1bm0uo/gradle-1.12/lib/plugins/jarjar-maven-repository-metadata-3.0.4.jar
5ee49000-5ee4a000 r--s 0000b000 08:05 13636250   /home/igdaza/.gradle/wrapper/dists/gradle-1.12-all/2apkk7d25miauqf1pdjp1bm0uo/gradle-1.12/lib/plugins/jarjar-maven-settings-3.0.4.jar
5ee4a000-5ee62000 r--s 000b2000 08:05 13636320   /home/igdaza/.gradle/wrapper/dists/gradle-1.12-all/2apkk7d25miauqf1pdjp1bm0uo/gradle-1.12/lib/plugins/gradle-core-impl-1.12.jar
5ee62000-5ee87000 r--p 00000000 08:03 300734     /usr/share/locale-langpack/es/LC_MESSAGES/libc.mo
5ee87000-5eec1000 r-xp 00000000 08:03 1016       /lib/i386-linux-gnu/libpcre.so.3.12.1
5eec1000-5eec2000 r--p 00039000 08:03 1016       /lib/i386-linux-gnu/libpcre.so.3.12.1
5eec2000-5eec3000 rw-p 0003a000 08:03 1016       /lib/i386-linux-gnu/libpcre.so.3.12.1
5eec3000-5eec8000 r-xp 00000000 08:03 134825     /usr/lib/i386-linux-gnu/libffi.so.6.0.0
5eec8000-5eec9000 r--p 00004000 08:03 134825     /usr/lib/i386-linux-gnu/libffi.so.6.0.0
5eec9000-5eeca000 rw-p 00005000 08:03 134825     /usr/lib/i386-linux-gnu/libffi.so.6.0.0
5eeca000-5eedd000 r-xp 00000000 08:03 5901       /lib/i386-linux-gnu/libresolv-2.15.so
5eedd000-5eede000 ---p 00013000 08:03 5901       /lib/i386-linux-gnu/libresolv-2.15.so
5eede000-5eedf000 r--p 00013000 08:03 5901       /lib/i386-linux-gnu/libresolv-2.15.so
5eedf000-5eee0000 rw-p 00014000 08:03 5901       /lib/i386-linux-gnu/libresolv-2.15.so
5eee0000-5eee2000 rw-p 00000000 00:00 0 
5eee2000-5eeff000 r-xp 00000000 08:03 1031       /lib/i386-linux-gnu/libselinux.so.1
5eeff000-5ef00000 r--p 0001c000 08:03 1031       /lib/i386-linux-gnu/libselinux.so.1
5ef00000-5ef01000 rw-p 0001d000 08:03 1031       /lib/i386-linux-gnu/libselinux.so.1
5ef01000-5ef04000 r-xp 00000000 08:03 160923     /usr/lib/i386-linux-gnu/libgmodule-2.0.so.0.3200.4
5ef04000-5ef05000 r--p 00002000 08:03 160923     /usr/lib/i386-linux-gnu/libgmodule-2.0.so.0.3200.4
5ef05000-5ef06000 rw-p 00003000 08:03 160923     /usr/lib/i386-linux-gnu/libgmodule-2.0.so.0.3200.4
5ef06000-5effd000 r-xp 00000000 08:03 35237      /lib/i386-linux-gnu/libglib-2.0.so.0.3200.4
5effd000-5effe000 r--p 000f6000 08:03 35237      /lib/i386-linux-gnu/libglib-2.0.so.0.3200.4
5effe000-5efff000 rw-p 000f7000 08:03 35237      /lib/i386-linux-gnu/libglib-2.0.so.0.3200.4
5efff000-5f04c000 r-xp 00000000 08:03 160917     /usr/lib/i386-linux-gnu/libgobject-2.0.so.0.3200.4
5f04c000-5f04d000 r--p 0004c000 08:03 160917     /usr/lib/i386-linux-gnu/libgobject-2.0.so.0.3200.4
5f04d000-5f04e000 rw-p 0004d000 08:03 160917     /usr/lib/i386-linux-gnu/libgobject-2.0.so.0.3200.4
5f04e000-5f1a1000 r-xp 00000000 08:03 160918     /usr/lib/i386-linux-gnu/libgio-2.0.so.0.3200.4
5f1a1000-5f1a3000 r--p 00153000 08:03 160918     /usr/lib/i386-linux-gnu/libgio-2.0.so.0.3200.4
5f1a3000-5f1a4000 rw-p 00155000 08:03 160918     /usr/lib/i386-linux-gnu/libgio-2.0.so.0.3200.4
5f1a4000-5f1a5000 rw-p 00000000 00:00 0 
5f1a5000-5f1a6000 r--s 00002000 08:05 13636350   /home/igdaza/.gradle/wrapper/dists/gradle-1.12-all/2apkk7d25miauqf1pdjp1bm0uo/gradle-1.12/lib/plugins/sonar-batch-bootstrapper-2.9.jar
5f1a6000-5f1a7000 r--s 00007000 08:05 13636347   /home/igdaza/.gradle/wrapper/dists/gradle-1.12-all/2apkk7d25miauqf1pdjp1bm0uo/gradle-1.12/lib/plugins/sonar-runner-2.0.jar
5f1a7000-5f1aa000 r--s 0000b000 08:05 13636287   /home/igdaza/.gradle/wrapper/dists/gradle-1.12-all/2apkk7d25miauqf1pdjp1bm0uo/gradle-1.12/lib/plugins/jarjar-maven-artifact-3.0.4.jar
5f1aa000-5f1bb000 r-xp 00000000 08:03 322468     /usr/lib/jvm/java-7-openjdk-i386/jre/lib/i386/libnio.so
5f1bb000-5f1bc000 r--p 00010000 08:03 322468     /usr/lib/jvm/java-7-openjdk-i386/jre/lib/i386/libnio.so
5f1bc000-5f1bd000 rw-p 00011000 08:03 322468     /usr/lib/jvm/java-7-openjdk-i386/jre/lib/i386/libnio.so
5f1bd000-5f1c4000 r--s 00000000 08:03 131883     /usr/lib/i386-linux-gnu/gconv/gconv-modules.cache
5f1c4000-5f1db000 r-xp 00000000 08:03 322469     /usr/lib/jvm/java-7-openjdk-i386/jre/lib/i386/libnet.so
5f1db000-5f1dc000 r--p 00016000 08:03 322469     /usr/lib/jvm/java-7-openjdk-i386/jre/lib/i386/libnet.so
5f1dc000-5f1dd000 rw-p 00017000 08:03 322469     /usr/lib/jvm/java-7-openjdk-i386/jre/lib/i386/libnet.so
5f1dd000-5f1de000 r--s 00005000 08:05 13636071   /home/igdaza/.gradle/wrapper/dists/gradle-1.12-all/2apkk7d25miauqf1pdjp1bm0uo/gradle-1.12/lib/gradle-wrapper-1.12.jar
5f1de000-5f1e6000 r--s 0002a000 08:05 13636079   /home/igdaza/.gradle/wrapper/dists/gradle-1.12-all/2apkk7d25miauqf1pdjp1bm0uo/gradle-1.12/lib/gradle-tooling-api-1.12.jar
5f1e6000-5f1e8000 r--s 00005000 08:05 13636116   /home/igdaza/.gradle/wrapper/dists/gradle-1.12-all/2apkk7d25miauqf1pdjp1bm0uo/gradle-1.12/lib/gradle-open-api-1.12.jar
5f1e8000-5f1ee000 r--s 00032000 08:05 13636118   /home/igdaza/.gradle/wrapper/dists/gradle-1.12-all/2apkk7d25miauqf1pdjp1bm0uo/gradle-1.12/lib/jaxen-1.1.jar
5f1ee000-5f1f3000 r--s 00048000 08:05 13636117   /home/igdaza/.gradle/wrapper/dists/gradle-1.12-all/2apkk7d25miauqf1pdjp1bm0uo/gradle-1.12/lib/dom4j-1.6.1.jar
5f1f3000-5f1fe000 r--s 0005b000 08:05 13636078   /home/igdaza/.gradle/wrapper/dists/gradle-1.12-all/2apkk7d25miauqf1pdjp1bm0uo/gradle-1.12/lib/gradle-ui-1.12.jar
5f1fe000-5f200000 r--s 00007000 08:05 13636204   /home/igdaza/.gradle/wrapper/dists/gradle-1.12-all/2apkk7d25miauqf1pdjp1bm0uo/gradle-1.12/lib/objenesis-1.2.jar
5f200000-5f2ff000 rw-p 00000000 00:00 0 
5f2ff000-5f300000 ---p 00000000 00:00 0 
5f300000-5f302000 r--s 0000f000 08:05 13636201   /home/igdaza/.gradle/wrapper/dists/gradle-1.12-all/2apkk7d25miauqf1pdjp1bm0uo/gradle-1.12/lib/reflectasm-1.07-shaded.jar
5f302000-5f304000 r--s 0000a000 08:05 13636247   /home/igdaza/.gradle/wrapper/dists/gradle-1.12-all/2apkk7d25miauqf1pdjp1bm0uo/gradle-1.12/lib/asm-4.0.jar
5f304000-5f308000 r--s 00026000 08:05 13636183   /home/igdaza/.gradle/wrapper/dists/gradle-1.12-all/2apkk7d25miauqf1pdjp1bm0uo/gradle-1.12/lib/kryo-2.20.jar
5f308000-5f310000 r--s 00037000 08:05 13636112   /home/igdaza/.gradle/wrapper/dists/gradle-1.12-all/2apkk7d25miauqf1pdjp1bm0uo/gradle-1.12/lib/gradle-messaging-1.12.jar
5f310000-5f311000 r--s 00003000 08:05 13636196   /home/igdaza/.gradle/wrapper/dists/gradle-1.12-all/2apkk7d25miauqf1pdjp1bm0uo/gradle-1.12/lib/native-platform-freebsd-amd64-0.10.jar
5f311000-5f312000 r--s 00003000 08:05 13636195   /home/igdaza/.gradle/wrapper/dists/gradle-1.12-all/2apkk7d25miauqf1pdjp1bm0uo/gradle-1.12/lib/native-platform-freebsd-i386-0.10.jar
5f312000-5f313000 r--s 00005000 08:05 13636194   /home/igdaza/.gradle/wrapper/dists/gradle-1.12-all/2apkk7d25miauqf1pdjp1bm0uo/gradle-1.12/lib/native-platform-windows-i386-0.10.jar
5f313000-5f314000 r--s 00005000 08:05 13636193   /home/igdaza/.gradle/wrapper/dists/gradle-1.12-all/2apkk7d25miauqf1pdjp1bm0uo/gradle-1.12/lib/native-platform-windows-amd64-0.10.jar
5f314000-5f315000 r--s 00003000 08:05 13636192   /home/igdaza/.gradle/wrapper/dists/gradle-1.12-all/2apkk7d25miauqf1pdjp1bm0uo/gradle-1.12/lib/native-platform-linux-i386-0.10.jar
5f315000-5f316000 r--s 00003000 08:05 13636189   /home/igdaza/.gradle/wrapper/dists/gradle-1.12-all/2apkk7d25miauqf1pdjp1bm0uo/gradle-1.12/lib/native-platform-linux-amd64-0.10.jar
5f316000-5f317000 r--s 00002000 08:05 13636188   /home/igdaza/.gradle/wrapper/dists/gradle-1.12-all/2apkk7d25miauqf1pdjp1bm0uo/gradle-1.12/lib/native-platform-osx-amd64-0.10.jar
5f317000-5f318000 r--s 00002000 08:05 13636187   /home/igdaza/.gradle/wrapper/dists/gradle-1.12-all/2apkk7d25miauqf1pdjp1bm0uo/gradle-1.12/lib/native-platform-osx-i386-0.10.jar
5f318000-5f31a000 r--s 00008000 08:05 13636159   /home/igdaza/.gradle/wrapper/dists/gradle-1.12-all/2apkk7d25miauqf1pdjp1bm0uo/gradle-1.12/lib/jansi-1.2.1.jar
5f31a000-5f31d000 r--s 00013000 08:05 13636127   /home/igdaza/.gradle/wrapper/dists/gradle-1.12-all/2apkk7d25miauqf1pdjp1bm0uo/gradle-1.12/lib/jna-posix-1.0.3.jar
5f31d000-5f320000 r--s 0000d000 08:05 13636124   /home/igdaza/.gradle/wrapper/dists/gradle-1.12-all/2apkk7d25miauqf1pdjp1bm0uo/gradle-1.12/lib/native-platform-0.10.jar
5f320000-5f324000 r--s 000e4000 08:05 13636120   /home/igdaza/.gradle/wrapper/dists/gradle-1.12-all/2apkk7d25miauqf1pdjp1bm0uo/gradle-1.12/lib/jna-3.2.7.jar
5f324000-5f326000 r--s 00009000 08:05 13636080   /home/igdaza/.gradle/wrapper/dists/gradle-1.12-all/2apkk7d25miauqf1pdjp1bm0uo/gradle-1.12/lib/gradle-native-1.12.jar
5f326000-5f327000 r--s 00006000 08:05 13636077   /home/igdaza/.gradle/wrapper/dists/gradle-1.12-all/2apkk7d25miauqf1pdjp1bm0uo/gradle-1.12/lib/gradle-cli-1.12.jar
5f327000-5f328000 r--s 00000000 08:05 13636087   /home/igdaza/.gradle/wrapper/dists/gradle-1.12-all/2apkk7d25miauqf1pdjp1bm0uo/gradle-1.12/lib/gradle-resources-1.12.jar
5f328000-5f32a000 r--s 00000000 08:05 13636085   /home/igdaza/.gradle/wrapper/dists/gradle-1.12-all/2apkk7d25miauqf1pdjp1bm0uo/gradle-1.12/lib/gradle-base-services-groovy-1.12.jar
5f32a000-5f32b000 r--s 00000000 08:05 13636113   /home/igdaza/.gradle/wrapper/dists/gradle-1.12-all/2apkk7d25miauqf1pdjp1bm0uo/gradle-1.12/lib/gradle-docs-1.12.jar
5f32b000-5f331000 r--s 0005b000 08:05 13636181   /home/igdaza/.gradle/wrapper/dists/gradle-1.12-all/2apkk7d25miauqf1pdjp1bm0uo/gradle-1.12/lib/jcifs-1.3.17.jar
5f331000-5f337000 r--s 00031000 08:05 13636180   /home/igdaza/.gradle/wrapper/dists/gradle-1.12-all/2apkk7d25miauqf1pdjp1bm0uo/gradle-1.12/lib/httpcore-4.2.2.jar
5f337000-5f33d000 r--s 00033000 08:05 13636174   /home/igdaza/.gradle/wrapper/dists/gradle-1.12-all/2apkk7d25miauqf1pdjp1bm0uo/gradle-1.12/lib/commons-codec-1.6.jar
5f33d000-5f33f000 r--s 00026000 08:05 13636171   /home/igdaza/.gradle/wrapper/dists/gradle-1.12-all/2apkk7d25miauqf1pdjp1bm0uo/gradle-1.12/lib/http-builder-0.6.jar
5f33f000-5f341000 r--s 00013000 08:05 13636200   /home/igdaza/.gradle/wrapper/dists/gradle-1.12-all/2apkk7d25miauqf1pdjp1bm0uo/gradle-1.12/lib/xml-resolver-1.2.jar
5f341000-5f345000 r--s 00022000 08:05 13636199   /home/igdaza/.gradle/wrapper/dists/gradle-1.12-all/2apkk7d25miauqf1pdjp1bm0uo/gradle-1.12/lib/json-lib-2.3-jdk15.jar
5f345000-5f348000 r--s 00013000 08:05 13636217   /home/igdaza/.gradle/wrapper/dists/gradle-1.12-all/2apkk7d25miauqf1pdjp1bm0uo/gradle-1.12/lib/ezmorph-1.0.6.jar
5f348000-5f34d000 r--s 00034000 08:05 13636208   /home/igdaza/.gradle/wrapper/dists/gradle-1.12-all/2apkk7d25miauqf1pdjp1bm0uo/gradle-1.12/lib/commons-beanutils-1.8.0.jar
5f34d000-5f34f000 r--s 0000d000 08:05 13636214   /home/igdaza/.gradle/wrapper/dists/gradle-1.12-all/2apkk7d25miauqf1pdjp1bm0uo/gradle-1.12/lib/commons-logging-1.1.1.jar
5f34f000-5f350000 r--s 00001000 08:05 13636169   /home/igdaza/.gradle/wrapper/dists/gradle-1.12-all/2apkk7d25miauqf1pdjp1bm0uo/gradle-1.12/lib/bintray-client-java-api-0.1.0.jar
5f350000-5f35f000 r--s 0007f000 08:05 13636165   /home/igdaza/.gradle/wrapper/dists/gradle-1.12-all/2apkk7d25miauqf1pdjp1bm0uo/gradle-1.12/lib/joda-time-2.3.jar
5f35f000-5f363000 r--s 0003d000 08:05 13636164   /home/igdaza/.gradle/wrapper/dists/gradle-1.12-all/2apkk7d25miauqf1pdjp1bm0uo/gradle-1.12/lib/jsch-0.1.51.jar
5f363000-5f365000 r--s 00003000 08:05 13636115   /home/igdaza/.gradle/wrapper/dists/gradle-1.12-all/2apkk7d25miauqf1pdjp1bm0uo/gradle-1.12/lib/jcl-over-slf4j-1.7.5.jar
5f365000-5f367000 r--s 00004000 08:05 13636114   /home/igdaza/.gradle/wrapper/dists/gradle-1.12-all/2apkk7d25miauqf1pdjp1bm0uo/gradle-1.12/lib/log4j-over-slf4j-1.7.5.jar
5f367000-5f370000 r--s 00060000 08:05 13636109   /home/igdaza/.gradle/wrapper/dists/gradle-1.12-all/2apkk7d25miauqf1pdjp1bm0uo/gradle-1.12/lib/httpclient-4.2.2.jar
5f370000-5f371000 r--s 00009000 08:05 13636106   /home/igdaza/.gradle/wrapper/dists/gradle-1.12-all/2apkk7d25miauqf1pdjp1bm0uo/gradle-1.12/lib/bintray-client-java-impl-0.1.0.jar
5f371000-5f372000 r--s 00000000 08:05 13636104   /home/igdaza/.gradle/wrapper/dists/gradle-1.12-all/2apkk7d25miauqf1pdjp1bm0uo/gradle-1.12/lib/javax.inject-1.jar
5f372000-5f375000 r--s 0001b000 08:05 13636103   /home/igdaza/.gradle/wrapper/dists/gradle-1.12-all/2apkk7d25miauqf1pdjp1bm0uo/gradle-1.12/lib/jarjar-1.3.jar
5f375000-5f376000 r--s 00001000 08:05 13636102   /home/igdaza/.gradle/wrapper/dists/gradle-1.12-all/2apkk7d25miauqf1pdjp1bm0uo/gradle-1.12/lib/jul-to-slf4j-1.7.5.jar
5f376000-5f377000 r--s 00000000 08:05 13636098   /home/igdaza/.gradle/wrapper/dists/gradle-1.12-all/2apkk7d25miauqf1pdjp1bm0uo/gradle-1.12/lib/jcip-annotations-1.0.jar
5f377000-5f37d000 r--s 0003b000 08:05 13636096   /home/igdaza/.gradle/wrapper/dists/gradle-1.12-all/2apkk7d25miauqf1pdjp1bm0uo/gradle-1.12/lib/logback-classic-1.0.13.jar
5f37d000-5f387000 r--s 0005d000 08:05 13636095   /home/igdaza/.gradle/wrapper/dists/gradle-1.12-all/2apkk7d25miauqf1pdjp1bm0uo/gradle-1.12/lib/logback-core-1.0.13.jar
5f387000-5f396000 r--s 000d9000 08:05 13636094   /home/igdaza/.gradle/wrapper/dists/gradle-1.12-all/2apkk7d25miauqf1pdjp1bm0uo/gradle-1.12/lib/ivy-2.2.0.jar
5f396000-5f39b000 r--s 00041000 08:05 13636092   /home/igdaza/.gradle/wrapper/dists/gradle-1.12-all/2apkk7d25miauqf1pdjp1bm0uo/gradle-1.12/lib/commons-lang-2.6.jar
5f39b000-5f39e000 r--s 00018000 08:05 13636091   /home/igdaza/.gradle/wrapper/dists/gradle-1.12-all/2apkk7d25miauqf1pdjp1bm0uo/gradle-1.12/lib/commons-io-1.4.jar
5f39e000-5f3ac000 r--s 0007f000 08:05 13636090   /home/igdaza/.gradle/wrapper/dists/gradle-1.12-all/2apkk7d25miauqf1pdjp1bm0uo/gradle-1.12/lib/commons-collections-3.2.1.jar
5f3ac000-5f408000 r--s 00586000 08:05 13636084   /home/igdaza/.gradle/wrapper/dists/gradle-1.12-all/2apkk7d25miauqf1pdjp1bm0uo/gradle-1.12/lib/groovy-all-1.8.6.jar
5f408000-5f409000 ---p 00000000 00:00 0 
5f409000-5f489000 rw-p 00000000 00:00 0 
5f489000-5f48c000 ---p 00000000 00:00 0 
5f48c000-5f4da000 rw-p 00000000 00:00 0 
5f4da000-5f4dd000 ---p 00000000 00:00 0 
5f4dd000-5f55b000 rw-p 00000000 00:00 0 
5f55b000-5f55e000 ---p 00000000 00:00 0 
5f55e000-5f5dc000 rw-p 00000000 00:00 0 
5f5dc000-5f5df000 ---p 00000000 00:00 0 
5f5df000-5f62d000 rw-p 00000000 00:00 0 
5f62d000-5f75e000 r--p 005e3000 08:03 138832     /usr/lib/locale/locale-archive
5f75e000-5f95e000 r--p 00000000 08:03 138832     /usr/lib/locale/locale-archive
5f95e000-5f961000 ---p 00000000 00:00 0 
5f961000-5f9af000 rw-p 00000000 00:00 0 
5f9af000-5f9b2000 ---p 00000000 00:00 0 
5f9b2000-5fa00000 rw-p 00000000 00:00 0 
5fa00000-5fafe000 rw-p 00000000 00:00 0 
5fafe000-5fb00000 ---p 00000000 00:00 0 
5fb00000-5fb01000 r--s 00004000 08:05 13636343   /home/igdaza/.gradle/wrapper/dists/gradle-1.12-all/2apkk7d25miauqf1pdjp1bm0uo/gradle-1.12/lib/plugins/pmaven-common-0.8-20100325.jar
5fb01000-5fb06000 r--s 00035000 08:05 13636088   /home/igdaza/.gradle/wrapper/dists/gradle-1.12-all/2apkk7d25miauqf1pdjp1bm0uo/gradle-1.12/lib/asm-all-5.0_BETA.jar
5fb06000-5fb2d000 r--s 001c3000 08:05 13636083   /home/igdaza/.gradle/wrapper/dists/gradle-1.12-all/2apkk7d25miauqf1pdjp1bm0uo/gradle-1.12/lib/guava-jdk5-14.0.1.jar
5fb2d000-5fb2f000 r--s 00005000 08:05 13636081   /home/igdaza/.gradle/wrapper/dists/gradle-1.12-all/2apkk7d25miauqf1pdjp1bm0uo/gradle-1.12/lib/slf4j-api-1.7.5.jar
5fb2f000-5fb30000 r--s 00004000 08:05 13636162   /home/igdaza/.gradle/wrapper/dists/gradle-1.12-all/2apkk7d25miauqf1pdjp1bm0uo/gradle-1.12/lib/ant-launcher-1.9.3.jar
5fb30000-5fb4f000 r--s 001cc000 08:05 13636089   /home/igdaza/.gradle/wrapper/dists/gradle-1.12-all/2apkk7d25miauqf1pdjp1bm0uo/gradle-1.12/lib/ant-1.9.3.jar
5fb4f000-5fd00000 r--s 01d25000 08:03 322439     /usr/lib/jvm/java-7-openjdk-i386/jre/lib/rt.jar
5fd00000-62a00000 rw-p 00000000 00:00 0 
62a00000-62af8000 rw-p 00000000 00:00 0 
62af8000-62b00000 ---p 00000000 00:00 0 
62b00000-62b01000 r--s 00005000 08:05 13636296   /home/igdaza/.gradle/wrapper/dists/gradle-1.12-all/2apkk7d25miauqf1pdjp1bm0uo/gradle-1.12/lib/plugins/gradle-osgi-1.12.jar
62b01000-62b06000 r--s 00024000 08:05 13636072   /home/igdaza/.gradle/wrapper/dists/gradle-1.12-all/2apkk7d25miauqf1pdjp1bm0uo/gradle-1.12/lib/gradle-base-services-1.12.jar
62b06000-62b36000 r--s 00191000 08:05 13636075   /home/igdaza/.gradle/wrapper/dists/gradle-1.12-all/2apkk7d25miauqf1pdjp1bm0uo/gradle-1.12/lib/gradle-core-1.12.jar
62b36000-62b37000 ---p 00000000 00:00 0 
62b37000-62c00000 rw-p 00000000 00:00 0 
62c00000-62c49000 rw-p 00000000 00:00 0 
62c49000-62d00000 ---p 00000000 00:00 0 
62d00000-62d01000 r--s 00002000 08:05 13636337   /home/igdaza/.gradle/wrapper/dists/gradle-1.12-all/2apkk7d25miauqf1pdjp1bm0uo/gradle-1.12/lib/plugins/ant-antlr-1.9.3.jar
62d01000-62d08000 r--s 00037000 08:05 13636070   /home/igdaza/.gradle/wrapper/dists/gradle-1.12-all/2apkk7d25miauqf1pdjp1bm0uo/gradle-1.12/lib/gradle-launcher-1.12.jar
62d08000-62d0c000 r--s 0003c000 08:03 322435     /usr/lib/jvm/java-7-openjdk-i386/jre/lib/ext/sunpkcs11.jar
62d0c000-62d67000 rw-p 00000000 00:00 0 
62d67000-62d68000 ---p 00000000 00:00 0 
62d68000-62de8000 rw-p 00000000 00:00 0 
62de8000-62de9000 ---p 00000000 00:00 0 
62de9000-62e86000 rw-p 00000000 00:00 0 
62e86000-62e90000 ---p 00000000 00:00 0 
62e90000-62ee9000 rw-p 00000000 00:00 0 
62ee9000-62f2e000 rw-p 00000000 00:00 0 
62f2e000-6303f000 rw-p 00000000 00:00 0 
6303f000-6305c000 rw-p 00000000 00:00 0 
6305c000-63066000 ---p 00000000 00:00 0 
63066000-630bf000 rw-p 00000000 00:00 0 
630bf000-63104000 rw-p 00000000 00:00 0 
63104000-63214000 rw-p 00000000 00:00 0 
63214000-632bf000 rw-p 00000000 00:00 0 
632bf000-66c80000 rw-p 00000000 00:00 0 
66cc0000-680c0000 ---p 00000000 00:00 0 
680c0000-732c0000 rw-p 00000000 00:00 0 
732c0000-7bbc0000 rw-p 00000000 00:00 0 
7bbc0000-9dd40000 rw-p 00000000 00:00 0 
9dd40000-b32c0000 rw-p 00000000 00:00 0 
b32c0000-b32c1000 r--s 00006000 08:05 13636376   /home/igdaza/.gradle/wrapper/dists/gradle-1.12-all/2apkk7d25miauqf1pdjp1bm0uo/gradle-1.12/lib/plugins/jetty-naming-6.1.25.jar
b32c1000-b32f5000 rw-p 00000000 00:00 0 
b32f5000-b339f000 rw-p 00000000 00:00 0 
b339f000-b38e7000 rwxp 00000000 00:00 0 
b38e7000-b639f000 rw-p 00000000 00:00 0 
b639f000-b63aa000 r-xp 00000000 08:03 28736      /lib/i386-linux-gnu/libnss_files-2.15.so
b63aa000-b63ab000 r--p 0000a000 08:03 28736      /lib/i386-linux-gnu/libnss_files-2.15.so
b63ab000-b63ac000 rw-p 0000b000 08:03 28736      /lib/i386-linux-gnu/libnss_files-2.15.so
b63ac000-b63b6000 r-xp 00000000 08:03 25183      /lib/i386-linux-gnu/libnss_nis-2.15.so
b63b6000-b63b7000 r--p 00009000 08:03 25183      /lib/i386-linux-gnu/libnss_nis-2.15.so
b63b7000-b63b8000 rw-p 0000a000 08:03 25183      /lib/i386-linux-gnu/libnss_nis-2.15.so
b63b8000-b63ba000 r--s 00000000 08:05 13636203   /home/igdaza/.gradle/wrapper/dists/gradle-1.12-all/2apkk7d25miauqf1pdjp1bm0uo/gradle-1.12/lib/minlog-1.2.jar
b63ba000-b63be000 r--s 00085000 08:03 322436     /usr/lib/jvm/java-7-openjdk-i386/jre/lib/ext/localedata.jar
b63be000-b63c2000 r--s 00034000 08:03 322433     /usr/lib/jvm/java-7-openjdk-i386/jre/lib/ext/sunjce_provider.jar
b63c2000-b63c5000 r--s 0000f000 08:03 322434     /usr/lib/jvm/java-7-openjdk-i386/jre/lib/ext/icedtea-sound.jar
b63c5000-b63cd000 r-xp 00000000 08:03 322479     /usr/lib/jvm/java-7-openjdk-i386/jre/lib/i386/libzip.so
b63cd000-b63ce000 r--p 00007000 08:03 322479     /usr/lib/jvm/java-7-openjdk-i386/jre/lib/i386/libzip.so
b63ce000-b63cf000 rw-p 00008000 08:03 322479     /usr/lib/jvm/java-7-openjdk-i386/jre/lib/i386/libzip.so
b63cf000-b63d7000 rw-s 00000000 08:03 131242     /tmp/hsperfdata_igdaza/16915
b63d7000-b63fe000 r-xp 00000000 08:03 322461     /usr/lib/jvm/java-7-openjdk-i386/jre/lib/i386/libjava.so
b63fe000-b63ff000 r--p 00026000 08:03 322461     /usr/lib/jvm/java-7-openjdk-i386/jre/lib/i386/libjava.so
b63ff000-b6400000 rw-p 00027000 08:03 322461     /usr/lib/jvm/java-7-openjdk-i386/jre/lib/i386/libjava.so
b6400000-b64fd000 rw-p 00000000 00:00 0 
b64fd000-b6500000 ---p 00000000 00:00 0 
b6500000-b6516000 r-xp 00000000 08:03 5527       /lib/i386-linux-gnu/libnsl-2.15.so
b6516000-b6517000 r--p 00015000 08:03 5527       /lib/i386-linux-gnu/libnsl-2.15.so
b6517000-b6518000 rw-p 00016000 08:03 5527       /lib/i386-linux-gnu/libnsl-2.15.so
b6518000-b651a000 rw-p 00000000 00:00 0 
b651a000-b6521000 r-xp 00000000 08:03 23576      /lib/i386-linux-gnu/librt-2.15.so
b6521000-b6522000 r--p 00006000 08:03 23576      /lib/i386-linux-gnu/librt-2.15.so
b6522000-b6523000 rw-p 00007000 08:03 23576      /lib/i386-linux-gnu/librt-2.15.so
b6523000-b6526000 ---p 00000000 00:00 0 
b6526000-b6574000 rw-p 00000000 00:00 0 
b6574000-b6590000 r-xp 00000000 08:03 964        /lib/i386-linux-gnu/libgcc_s.so.1
b6590000-b6591000 r--p 0001b000 08:03 964        /lib/i386-linux-gnu/libgcc_s.so.1
b6591000-b6592000 rw-p 0001c000 08:03 964        /lib/i386-linux-gnu/libgcc_s.so.1
b6592000-b65bc000 r-xp 00000000 08:03 25180      /lib/i386-linux-gnu/libm-2.15.so
b65bc000-b65bd000 r--p 00029000 08:03 25180      /lib/i386-linux-gnu/libm-2.15.so
b65bd000-b65be000 rw-p 0002a000 08:03 25180      /lib/i386-linux-gnu/libm-2.15.so
b65be000-b6696000 r-xp 00000000 08:03 135167     /usr/lib/i386-linux-gnu/libstdc++.so.6.0.16
b6696000-b6697000 ---p 000d8000 08:03 135167     /usr/lib/i386-linux-gnu/libstdc++.so.6.0.16
b6697000-b669b000 r--p 000d8000 08:03 135167     /usr/lib/i386-linux-gnu/libstdc++.so.6.0.16
b669b000-b669c000 rw-p 000dc000 08:03 135167     /usr/lib/i386-linux-gnu/libstdc++.so.6.0.16
b669c000-b66a3000 rw-p 00000000 00:00 0 
b66a3000-b7064000 r-xp 00000000 08:03 322455     /usr/lib/jvm/java-7-openjdk-i386/jre/lib/i386/server/libjvm.so
b7064000-b70b9000 r--p 009c1000 08:03 322455     /usr/lib/jvm/java-7-openjdk-i386/jre/lib/i386/server/libjvm.so
b70b9000-b70cd000 rw-p 00a16000 08:03 322455     /usr/lib/jvm/java-7-openjdk-i386/jre/lib/i386/server/libjvm.so
b70cd000-b74eb000 rw-p 00000000 00:00 0 
b74eb000-b74ff000 r-xp 00000000 08:03 1054       /lib/i386-linux-gnu/libz.so.1.2.3.4
b74ff000-b7500000 r--p 00013000 08:03 1054       /lib/i386-linux-gnu/libz.so.1.2.3.4
b7500000-b7501000 rw-p 00014000 08:03 1054       /lib/i386-linux-gnu/libz.so.1.2.3.4
b7501000-b7518000 r-xp 00000000 08:03 6205       /lib/i386-linux-gnu/libpthread-2.15.so
b7518000-b7519000 r--p 00016000 08:03 6205       /lib/i386-linux-gnu/libpthread-2.15.so
b7519000-b751a000 rw-p 00017000 08:03 6205       /lib/i386-linux-gnu/libpthread-2.15.so
b751a000-b751c000 rw-p 00000000 00:00 0 
b751c000-b751f000 r-xp 00000000 08:03 28741      /lib/i386-linux-gnu/libdl-2.15.so
b751f000-b7520000 r--p 00002000 08:03 28741      /lib/i386-linux-gnu/libdl-2.15.so
b7520000-b7521000 rw-p 00003000 08:03 28741      /lib/i386-linux-gnu/libdl-2.15.so
b7521000-b76c5000 r-xp 00000000 08:03 28742      /lib/i386-linux-gnu/libc-2.15.so
b76c5000-b76c7000 r--p 001a4000 08:03 28742      /lib/i386-linux-gnu/libc-2.15.so
b76c7000-b76c8000 rw-p 001a6000 08:03 28742      /lib/i386-linux-gnu/libc-2.15.so
b76c8000-b76cb000 rw-p 00000000 00:00 0 
b76cb000-b76cc000 r--s 00002000 08:05 13636335   /home/igdaza/.gradle/wrapper/dists/gradle-1.12-all/2apkk7d25miauqf1pdjp1bm0uo/gradle-1.12/lib/plugins/geronimo-annotation_1.0_spec-1.0.jar
b76cc000-b76cd000 r--s 00007000 08:03 301997     /usr/share/java/java-atk-wrapper.jar
b76cd000-b76ce000 r--s 00002000 08:03 322432     /usr/lib/jvm/java-7-openjdk-i386/jre/lib/ext/dnsns.jar
b76ce000-b76d0000 r--s 00012000 08:03 322437     /usr/lib/jvm/java-7-openjdk-i386/jre/lib/ext/zipfs.jar
b76d0000-b76d1000 r--p 0084b000 08:03 138832     /usr/lib/locale/locale-archive
b76d1000-b76d8000 r-xp 00000000 08:03 28740      /lib/i386-linux-gnu/libnss_compat-2.15.so
b76d8000-b76d9000 r--p 00006000 08:03 28740      /lib/i386-linux-gnu/libnss_compat-2.15.so
b76d9000-b76da000 rw-p 00007000 08:03 28740      /lib/i386-linux-gnu/libnss_compat-2.15.so
b76da000-b76db000 rw-p 00000000 00:00 0 
b76db000-b76dc000 r--p 00000000 00:00 0 
b76dc000-b76e8000 r-xp 00000000 08:03 322471     /usr/lib/jvm/java-7-openjdk-i386/jre/lib/i386/libverify.so
b76e8000-b76e9000 r--p 0000b000 08:03 322471     /usr/lib/jvm/java-7-openjdk-i386/jre/lib/i386/libverify.so
b76e9000-b76ea000 rw-p 0000c000 08:03 322471     /usr/lib/jvm/java-7-openjdk-i386/jre/lib/i386/libverify.so
b76ea000-b76f7000 r-xp 00000000 08:03 322462     /usr/lib/jvm/java-7-openjdk-i386/jre/lib/i386/jli/libjli.so
b76f7000-b76f8000 r--p 0000c000 08:03 322462     /usr/lib/jvm/java-7-openjdk-i386/jre/lib/i386/jli/libjli.so
b76f8000-b76f9000 rw-p 0000d000 08:03 322462     /usr/lib/jvm/java-7-openjdk-i386/jre/lib/i386/jli/libjli.so
b76f9000-b76fc000 rw-p 00000000 00:00 0 
b76fc000-b76fd000 r-xp 00000000 00:00 0          [vdso]
b76fd000-b771d000 r-xp 00000000 08:03 6213       /lib/i386-linux-gnu/ld-2.15.so
b771d000-b771e000 r--p 0001f000 08:03 6213       /lib/i386-linux-gnu/ld-2.15.so
b771e000-b771f000 rw-p 00020000 08:03 6213       /lib/i386-linux-gnu/ld-2.15.so
bfbbd000-bfbbe000 rwxp 00000000 00:00 0 
bfbf0000-bfc11000 rw-p 00000000 00:00 0          [stack]

VM Arguments:
jvm_args: -XX:MaxPermSize=256m -XX:+HeapDumpOnOutOfMemoryError -Xmx1024m -Dfile.encoding=UTF-8 
java_command: org.gradle.launcher.daemon.bootstrap.GradleDaemon 1.12 /home/igdaza/.gradle/daemon 10800000 5181945a-ca86-4be4-ba88-8907d05f6cc0 -XX:MaxPermSize=256m -XX:+HeapDumpOnOutOfMemoryError -Xmx1024m -Dfile.encoding=UTF-8
Launcher Type: SUN_STANDARD

Environment Variables:
CLASSPATH=./../lib/bootstrap.jar:./../lib/extensions.jar:./../lib/util.jar:./../lib/jdom.jar:./../lib/log4j.jar:./../lib/trove4j.jar:./../lib/jna.jar:/usr/lib/jvm/java-8-oracle/lib/tools.jar
PATH=/usr/hitech/picc/lite/9.60PL2/bin:/home/igdaza/programs/matlab_12a/bin:/home/igdaza/proyecto/Pupilas:/home/igdaza/scripts:/home/igdaza/programs/Adobe/Reader9/bin:/home/igdaza/programs/RealPlayer:/home/igdaza/universidad/proyectos/VISUALISE/read:/home/igdaza/programs/android-sdk-linux/platform-tools:/home/igdaza/programs/android-sdk-linux/tools:/home/igdaza/programs/arduino-1.5.7:/usr/lib/lightdm/lightdm:/usr/local/sbin:/usr/local/bin:/usr/sbin:/usr/bin:/sbin:/bin:/usr/games
LD_LIBRARY_PATH=.:
SHELL=/bin/bash
DISPLAY=:0.0

Signal Handlers:
SIGSEGV: [libjvm.so+0x80a100], sa_mask[0]=0x7ffbfeff, sa_flags=0x10000004
SIGBUS: [libjvm.so+0x80a100], sa_mask[0]=0x7ffbfeff, sa_flags=0x10000004
SIGFPE: [libjvm.so+0x675010], sa_mask[0]=0x7ffbfeff, sa_flags=0x10000004
SIGPIPE: [libjvm.so+0x675010], sa_mask[0]=0x7ffbfeff, sa_flags=0x10000004
SIGXFSZ: [libjvm.so+0x675010], sa_mask[0]=0x7ffbfeff, sa_flags=0x10000004
SIGILL: [libjvm.so+0x675010], sa_mask[0]=0x7ffbfeff, sa_flags=0x10000004
SIGUSR1: SIG_DFL, sa_mask[0]=0x00000000, sa_flags=0x00000000
SIGUSR2: [libjvm.so+0x6752c0], sa_mask[0]=0x00000004, sa_flags=0x10000004
SIGHUP: [libjvm.so+0x675480], sa_mask[0]=0x7ffbfeff, sa_flags=0x10000004
SIGINT: [libjvm.so+0x675480], sa_mask[0]=0x7ffbfeff, sa_flags=0x10000004
SIGTERM: [libjvm.so+0x675480], sa_mask[0]=0x7ffbfeff, sa_flags=0x10000004
SIGQUIT: [libjvm.so+0x675480], sa_mask[0]=0x7ffbfeff, sa_flags=0x10000004
SIGTRAP: SIG_DFL, sa_mask[0]=0x00000000, sa_flags=0x00000000


---------------  S Y S T E M  ---------------

OS:Ubuntu 12.04 (precise)
uname:Linux 3.2.0-57-generic-pae #87-Ubuntu SMP Tue Nov 12 21:57:43 UTC 2013 i686
libc:glibc 2.15 NPTL 2.15 
rlimit: STACK 8192k, CORE 0k, NPROC 15839, NOFILE 4096, AS infinity
load average:3,24 2,07 1,44

/proc/meminfo:
MemTotal:        2042064 kB
MemFree:           95008 kB
Buffers:             536 kB
Cached:            27568 kB
SwapCached:            0 kB
Active:          1862180 kB
Inactive:          16680 kB
Active(anon):    1851612 kB
Inactive(anon):     5752 kB
Active(file):      10568 kB
Inactive(file):    10928 kB
Unevictable:           0 kB
Mlocked:               0 kB
HighTotal:       1164116 kB
HighFree:            568 kB
LowTotal:         877948 kB
LowFree:           94440 kB
SwapTotal:             0 kB
SwapFree:              0 kB
Dirty:               360 kB
Writeback:             0 kB
AnonPages:       1850772 kB
Mapped:            17788 kB
Shmem:              6592 kB
Slab:              29628 kB
SReclaimable:      13432 kB
SUnreclaim:        16196 kB
KernelStack:        3544 kB
PageTables:        10040 kB
NFS_Unstable:          0 kB
Bounce:                0 kB
WritebackTmp:          0 kB
CommitLimit:     1021032 kB
Committed_AS:    3749744 kB
VmallocTotal:     122880 kB
VmallocUsed:       48356 kB
VmallocChunk:      45956 kB
HardwareCorrupted:     0 kB
AnonHugePages:         0 kB
HugePages_Total:       0
HugePages_Free:        0
HugePages_Rsvd:        0
HugePages_Surp:        0
Hugepagesize:       2048 kB
DirectMap4k:       75768 kB
DirectMap2M:      837632 kB


CPU:total 2 (2 cores per cpu, 1 threads per core) family 6 model 23 stepping 6, cmov, cx8, fxsr, mmx, sse, sse2, sse3, ssse3, sse4.1, tsc

/proc/cpuinfo:
processor	: 0
vendor_id	: GenuineIntel
cpu family	: 6
model		: 23
model name	: Intel(R) Core(TM)2 Duo CPU     T8300  @ 2.40GHz
stepping	: 6
microcode	: 0x60c
cpu MHz		: 1400.000
cache size	: 3072 KB
physical id	: 0
siblings	: 2
core id		: 0
cpu cores	: 2
apicid		: 0
initial apicid	: 0
fdiv_bug	: no
hlt_bug		: no
f00f_bug	: no
coma_bug	: no
fpu		: yes
fpu_exception	: yes
cpuid level	: 10
wp		: yes
flags		: fpu vme de pse tsc msr pae mce cx8 apic sep mtrr pge mca cmov pat pse36 clflush dts acpi mmx fxsr sse sse2 ss ht tm pbe nx lm constant_tsc arch_perfmon pebs bts aperfmperf pni dtes64 monitor ds_cpl vmx est tm2 ssse3 cx16 xtpr pdcm sse4_1 lahf_lm dtherm tpr_shadow vnmi flexpriority
bogomips	: 4788.07
clflush size	: 64
cache_alignment	: 64
address sizes	: 36 bits physical, 48 bits virtual
power management:

processor	: 1
vendor_id	: GenuineIntel
cpu family	: 6
model		: 23
model name	: Intel(R) Core(TM)2 Duo CPU     T8300  @ 2.40GHz
stepping	: 6
microcode	: 0x60c
cpu MHz		: 1400.000
cache size	: 3072 KB
physical id	: 0
siblings	: 2
core id		: 1
cpu cores	: 2
apicid		: 1
initial apicid	: 1
fdiv_bug	: no
hlt_bug		: no
f00f_bug	: no
coma_bug	: no
fpu		: yes
fpu_exception	: yes
cpuid level	: 10
wp		: yes
flags		: fpu vme de pse tsc msr pae mce cx8 apic sep mtrr pge mca cmov pat pse36 clflush dts acpi mmx fxsr sse sse2 ss ht tm pbe nx lm constant_tsc arch_perfmon pebs bts aperfmperf pni dtes64 monitor ds_cpl vmx est tm2 ssse3 cx16 xtpr pdcm sse4_1 lahf_lm dtherm tpr_shadow vnmi flexpriority
bogomips	: 4787.98
clflush size	: 64
cache_alignment	: 64
address sizes	: 36 bits physical, 48 bits virtual
power management:



Memory: 4k page, physical 2042064k(95008k free), swap 0k(0k free)

vm_info: OpenJDK Server VM (24.65-b04) for linux-x86 JRE (1.7.0_65-b32), built on Oct 22 2014 05:09:39 by "buildd" with gcc 4.6.3

time: Tue Jan  6 18:28:06 2015
elapsed time: 2499 seconds

