#
# There is insufficient memory for the Java Runtime Environment to continue.
# Native memory allocation (mmap) failed to map 22544384 bytes for committing reserved memory.
# Possible reasons:
#   The system is out of physical RAM or swap space
#   In 32 bit mode, the process size limit was hit
# Possible solutions:
#   Reduce memory load on the system
#   Increase physical memory or swap space
#   Check if swap backing store is full
#   Use 64 bit Java on a 64 bit OS
#   Decrease Java heap size (-Xmx/-Xms)
#   Decrease number of Java threads
#   Decrease Java thread stack sizes (-Xss)
#   Set larger code cache with -XX:ReservedCodeCacheSize=
# This output file may be truncated or incomplete.
#
#  Out of Memory Error (os_linux.cpp:2671), pid=29910, tid=3061246784
#
# JRE version:  (8.0_25-b17) (build )
# Java VM: Java HotSpot(TM) Server VM (25.25-b02 mixed mode linux-x86 )
# Failed to write core dump. Core dumps have been disabled. To enable core dumping, try "ulimit -c unlimited" before starting Java again
#

---------------  T H R E A D  ---------------

Current thread (0xb6607400):  JavaThread "Unknown thread" [_thread_in_vm, id=29920, stack(0xb671e000,0xb676f000)]

Stack: [0xb671e000,0xb676f000],  sp=0xb676db70,  free space=318k
Native frames: (J=compiled Java code, j=interpreted, Vv=VM code, C=native code)
V  [libjvm.so+0x8938d9]  VMError::report_and_die()+0x179
V  [libjvm.so+0x375275]  report_vm_out_of_memory(char const*, int, unsigned int, VMErrorType, char const*)+0x55
V  [libjvm.so+0x721066]  os::Linux::commit_memory_impl(char*, unsigned int, bool)+0xe6
V  [libjvm.so+0x721488]  os::pd_commit_memory(char*, unsigned int, unsigned int, bool)+0x28
V  [libjvm.so+0x71ae5c]  os::commit_memory(char*, unsigned int, unsigned int, bool)+0x2c
V  [libjvm.so+0x782a48]  PSVirtualSpace::expand_by(unsigned int)+0x48
V  [libjvm.so+0x77582d]  PSOldGen::initialize(ReservedSpace, unsigned int, char const*, int)+0x8d
V  [libjvm.so+0x19cfba]  AdjoiningGenerations::AdjoiningGenerations(ReservedSpace, GenerationSizer*, unsigned int)+0x2ea
V  [libjvm.so+0x741012]  ParallelScavengeHeap::initialize()+0x152
V  [libjvm.so+0x861e07]  Universe::initialize_heap()+0xd7
V  [libjvm.so+0x861fe3]  universe_init()+0x23
V  [libjvm.so+0x49afc5]  init_globals()+0x55
V  [libjvm.so+0x8479a8]  Threads::create_vm(JavaVMInitArgs*, bool*)+0x258
V  [libjvm.so+0x5135ac]  JNI_CreateJavaVM+0x5c
C  [libjli.so+0x6d58]  JavaMain+0x98
C  [libpthread.so.0+0x6d4c]  start_thread+0xcc
C  [libc.so.6+0xefbae]  clone+0x5e


---------------  P R O C E S S  ---------------

Java Threads: ( => current thread )

Other Threads:

=>0xb6607400 (exited) JavaThread "Unknown thread" [_thread_in_vm, id=29920, stack(0xb671e000,0xb676f000)]

VM state:not at safepoint (not fully initialized)

VM Mutex/Monitor currently owned by a thread: None

GC Heap History (0 events):
No events

Deoptimization events (0 events):
No events

Internal exceptions (0 events):
No events

Events (0 events):
No events


Dynamic libraries:
08048000-08049000 r-xp 00000000 08:03 312268     /usr/lib/jvm/java-8-oracle/jre/bin/java
08049000-0804a000 rw-p 00000000 08:03 312268     /usr/lib/jvm/java-8-oracle/jre/bin/java
09b1e000-09b3f000 rw-p 00000000 00:00 0          [heap]
66dff000-66f54000 ---p 00000000 00:00 0 
66f54000-66f5a000 rw-p 00000000 00:00 0 
66f5a000-66fff000 ---p 00000000 00:00 0 
66fff000-67000000 rw-p 00000000 00:00 0 
683f1000-68580000 rw-p 00000000 00:00 0 
68580000-91ac0000 ---p 00000000 00:00 0 
91ac0000-92540000 rw-p 00000000 00:00 0 
92540000-a7000000 ---p 00000000 00:00 0 
a7121000-a71de000 rw-p 00000000 00:00 0 
a71de000-a7595000 ---p 00000000 00:00 0 
a7595000-a77d5000 rwxp 00000000 00:00 0 
a77d5000-b6595000 ---p 00000000 00:00 0 
b6595000-b65a0000 r-xp 00000000 08:03 28736      /lib/i386-linux-gnu/libnss_files-2.15.so
b65a0000-b65a1000 r--p 0000a000 08:03 28736      /lib/i386-linux-gnu/libnss_files-2.15.so
b65a1000-b65a2000 rw-p 0000b000 08:03 28736      /lib/i386-linux-gnu/libnss_files-2.15.so
b65a2000-b65b8000 r-xp 00000000 08:03 5527       /lib/i386-linux-gnu/libnsl-2.15.so
b65b8000-b65b9000 r--p 00015000 08:03 5527       /lib/i386-linux-gnu/libnsl-2.15.so
b65b9000-b65ba000 rw-p 00016000 08:03 5527       /lib/i386-linux-gnu/libnsl-2.15.so
b65ba000-b65bc000 rw-p 00000000 00:00 0 
b65c1000-b65da000 r-xp 00000000 08:03 322822     /usr/lib/jvm/java-8-oracle/jre/lib/i386/libzip.so
b65da000-b65db000 rw-p 00018000 08:03 322822     /usr/lib/jvm/java-8-oracle/jre/lib/i386/libzip.so
b65db000-b65ff000 r-xp 00000000 08:03 322796     /usr/lib/jvm/java-8-oracle/jre/lib/i386/libjava.so
b65ff000-b6600000 rw-p 00023000 08:03 322796     /usr/lib/jvm/java-8-oracle/jre/lib/i386/libjava.so
b6600000-b6621000 rw-p 00000000 00:00 0 
b6621000-b6700000 ---p 00000000 00:00 0 
b6706000-b6709000 rw-p 00000000 00:00 0 
b6709000-b6713000 r-xp 00000000 08:03 25183      /lib/i386-linux-gnu/libnss_nis-2.15.so
b6713000-b6714000 r--p 00009000 08:03 25183      /lib/i386-linux-gnu/libnss_nis-2.15.so
b6714000-b6715000 rw-p 0000a000 08:03 25183      /lib/i386-linux-gnu/libnss_nis-2.15.so
b6715000-b671c000 r-xp 00000000 08:03 23576      /lib/i386-linux-gnu/librt-2.15.so
b671c000-b671d000 r--p 00006000 08:03 23576      /lib/i386-linux-gnu/librt-2.15.so
b671d000-b671e000 rw-p 00007000 08:03 23576      /lib/i386-linux-gnu/librt-2.15.so
b671e000-b6721000 ---p 00000000 00:00 0 
b6721000-b676f000 rw-p 00000000 00:00 0 
b676f000-b6799000 r-xp 00000000 08:03 25180      /lib/i386-linux-gnu/libm-2.15.so
b6799000-b679a000 r--p 00029000 08:03 25180      /lib/i386-linux-gnu/libm-2.15.so
b679a000-b679b000 rw-p 0002a000 08:03 25180      /lib/i386-linux-gnu/libm-2.15.so
b679b000-b70d7000 r-xp 00000000 08:03 322808     /usr/lib/jvm/java-8-oracle/jre/lib/i386/server/libjvm.so
b70d7000-b7143000 rw-p 0093b000 08:03 322808     /usr/lib/jvm/java-8-oracle/jre/lib/i386/server/libjvm.so
b7143000-b7568000 rw-p 00000000 00:00 0 
b7568000-b770c000 r-xp 00000000 08:03 28742      /lib/i386-linux-gnu/libc-2.15.so
b770c000-b770e000 r--p 001a4000 08:03 28742      /lib/i386-linux-gnu/libc-2.15.so
b770e000-b770f000 rw-p 001a6000 08:03 28742      /lib/i386-linux-gnu/libc-2.15.so
b770f000-b7712000 rw-p 00000000 00:00 0 
b7712000-b7715000 r-xp 00000000 08:03 28741      /lib/i386-linux-gnu/libdl-2.15.so
b7715000-b7716000 r--p 00002000 08:03 28741      /lib/i386-linux-gnu/libdl-2.15.so
b7716000-b7717000 rw-p 00003000 08:03 28741      /lib/i386-linux-gnu/libdl-2.15.so
b7717000-b772b000 r-xp 00000000 08:03 322776     /usr/lib/jvm/java-8-oracle/jre/lib/i386/jli/libjli.so
b772b000-b772c000 rw-p 00013000 08:03 322776     /usr/lib/jvm/java-8-oracle/jre/lib/i386/jli/libjli.so
b772c000-b772d000 rw-p 00000000 00:00 0 
b772d000-b7744000 r-xp 00000000 08:03 6205       /lib/i386-linux-gnu/libpthread-2.15.so
b7744000-b7745000 r--p 00016000 08:03 6205       /lib/i386-linux-gnu/libpthread-2.15.so
b7745000-b7746000 rw-p 00017000 08:03 6205       /lib/i386-linux-gnu/libpthread-2.15.so
b7746000-b7748000 rw-p 00000000 00:00 0 
b7748000-b7750000 rw-s 00000000 08:03 195968     /tmp/hsperfdata_igdaza/29910
b7750000-b7757000 r-xp 00000000 08:03 28740      /lib/i386-linux-gnu/libnss_compat-2.15.so
b7757000-b7758000 r--p 00006000 08:03 28740      /lib/i386-linux-gnu/libnss_compat-2.15.so
b7758000-b7759000 rw-p 00007000 08:03 28740      /lib/i386-linux-gnu/libnss_compat-2.15.so
b7759000-b775a000 rw-p 00000000 00:00 0 
b775a000-b775b000 r--p 00000000 00:00 0 
b775b000-b7766000 r-xp 00000000 08:03 322812     /usr/lib/jvm/java-8-oracle/jre/lib/i386/libverify.so
b7766000-b7767000 rw-p 0000b000 08:03 322812     /usr/lib/jvm/java-8-oracle/jre/lib/i386/libverify.so
b7767000-b7769000 rw-p 00000000 00:00 0 
b7769000-b776a000 r-xp 00000000 00:00 0          [vdso]
b776a000-b778a000 r-xp 00000000 08:03 6213       /lib/i386-linux-gnu/ld-2.15.so
b778a000-b778b000 r--p 0001f000 08:03 6213       /lib/i386-linux-gnu/ld-2.15.so
b778b000-b778c000 rw-p 00020000 08:03 6213       /lib/i386-linux-gnu/ld-2.15.so
bf9c4000-bf9c5000 rwxp 00000000 00:00 0 
bf9f7000-bfa18000 rw-p 00000000 00:00 0          [stack]

VM Arguments:
jvm_args: -Xmx1024M 
java_command: /home/igdaza/programs/android-studio/sdk/build-tools/19.1.0/lib/dx.jar --dex --num-threads=4 --output /home/igdaza/AndroidstudioProjects/Domo/app/build/intermediates/dex/debug /home/igdaza/AndroidstudioProjects/Domo/app/build/intermediates/classes/debug /home/igdaza/AndroidstudioProjects/Domo/app/build/intermediates/dependency-cache/debug
java_class_path (initial): /home/igdaza/programs/android-studio/sdk/build-tools/19.1.0/lib/dx.jar
Launcher Type: SUN_STANDARD

Environment Variables:
CLASSPATH=./../lib/bootstrap.jar:./../lib/extensions.jar:./../lib/util.jar:./../lib/jdom.jar:./../lib/log4j.jar:./../lib/trove4j.jar:./../lib/jna.jar:/usr/lib/jvm/java-8-oracle/lib/tools.jar
PATH=/usr/hitech/picc/lite/9.60PL2/bin:/home/igdaza/programs/matlab_12a/bin:/home/igdaza/proyecto/Pupilas:/home/igdaza/scripts:/home/igdaza/programs/Adobe/Reader9/bin:/home/igdaza/programs/RealPlayer:/home/igdaza/universidad/proyectos/VISUALISE/read:/home/igdaza/programs/android-sdk-linux/platform-tools:/home/igdaza/programs/android-sdk-linux/tools:/home/igdaza/programs/arduino-1.5.7:/usr/lib/lightdm/lightdm:/usr/local/sbin:/usr/local/bin:/usr/sbin:/usr/bin:/sbin:/bin:/usr/games
LD_LIBRARY_PATH=.:
SHELL=/bin/bash
DISPLAY=:0.0

Signal Handlers:
SIGSEGV: [libjvm.so+0x8943c0], sa_mask[0]=11111111011111111101111111111110, sa_flags=SA_RESTART|SA_SIGINFO
SIGBUS: [libjvm.so+0x8943c0], sa_mask[0]=11111111011111111101111111111110, sa_flags=SA_RESTART|SA_SIGINFO
SIGFPE: [libjvm.so+0x71de00], sa_mask[0]=11111111011111111101111111111110, sa_flags=SA_RESTART|SA_SIGINFO
SIGPIPE: [libjvm.so+0x71de00], sa_mask[0]=11111111011111111101111111111110, sa_flags=SA_RESTART|SA_SIGINFO
SIGXFSZ: [libjvm.so+0x71de00], sa_mask[0]=11111111011111111101111111111110, sa_flags=SA_RESTART|SA_SIGINFO
SIGILL: [libjvm.so+0x71de00], sa_mask[0]=11111111011111111101111111111110, sa_flags=SA_RESTART|SA_SIGINFO
SIGUSR1: SIG_DFL, sa_mask[0]=00000000000000000000000000000000, sa_flags=none
SIGUSR2: [libjvm.so+0x71f5b0], sa_mask[0]=00100000000000000000000000000000, sa_flags=SA_RESTART|SA_SIGINFO
SIGHUP: SIG_DFL, sa_mask[0]=00000000000000000000000000000000, sa_flags=none
SIGINT: SIG_DFL, sa_mask[0]=00000000000000000000000000000000, sa_flags=none
SIGTERM: SIG_DFL, sa_mask[0]=00000000000000000000000000000000, sa_flags=none
SIGQUIT: SIG_DFL, sa_mask[0]=00000000000000000000000000000000, sa_flags=none


---------------  S Y S T E M  ---------------

OS:DISTRIB_ID=Ubuntu
DISTRIB_RELEASE=12.04
DISTRIB_CODENAME=precise
DISTRIB_DESCRIPTION="Ubuntu 12.04.3 LTS"

uname:Linux 3.2.0-57-generic-pae #87-Ubuntu SMP Tue Nov 12 21:57:43 UTC 2013 i686
libc:glibc 2.15 NPTL 2.15 
rlimit: STACK 8192k, CORE 0k, NPROC 15839, NOFILE 4096, AS infinity
load average:2.18 1.25 1.28

/proc/meminfo:
MemTotal:        2042064 kB
MemFree:           93500 kB
Buffers:            1292 kB
Cached:            51432 kB
SwapCached:            0 kB
Active:          1851000 kB
Inactive:          29664 kB
Active(anon):    1829112 kB
Inactive(anon):     5904 kB
Active(file):      21888 kB
Inactive(file):    23760 kB
Unevictable:           0 kB
Mlocked:               0 kB
HighTotal:       1164116 kB
HighFree:            772 kB
LowTotal:         877948 kB
LowFree:           92728 kB
SwapTotal:             0 kB
SwapFree:              0 kB
Dirty:              2704 kB
Writeback:             0 kB
AnonPages:       1828404 kB
Mapped:            29356 kB
Shmem:              6748 kB
Slab:              30152 kB
SReclaimable:      13632 kB
SUnreclaim:        16520 kB
KernelStack:        3560 kB
PageTables:         9980 kB
NFS_Unstable:          0 kB
Bounce:                0 kB
WritebackTmp:          0 kB
CommitLimit:     1021032 kB
Committed_AS:    3818156 kB
VmallocTotal:     122880 kB
VmallocUsed:       48356 kB
VmallocChunk:      62852 kB
HardwareCorrupted:     0 kB
AnonHugePages:         0 kB
HugePages_Total:       0
HugePages_Free:        0
HugePages_Rsvd:        0
HugePages_Surp:        0
Hugepagesize:       2048 kB
DirectMap4k:       75768 kB
DirectMap2M:      837632 kB


CPU:total 2 (2 cores per cpu, 1 threads per core) family 6 model 23 stepping 6, cmov, cx8, fxsr, mmx, sse, sse2, sse3, ssse3, sse4.1, tsc

/proc/cpuinfo:
processor	: 0
vendor_id	: GenuineIntel
cpu family	: 6
model		: 23
model name	: Intel(R) Core(TM)2 Duo CPU     T8300  @ 2.40GHz
stepping	: 6
microcode	: 0x60c
cpu MHz		: 1400.000
cache size	: 3072 KB
physical id	: 0
siblings	: 2
core id		: 0
cpu cores	: 2
apicid		: 0
initial apicid	: 0
fdiv_bug	: no
hlt_bug		: no
f00f_bug	: no
coma_bug	: no
fpu		: yes
fpu_exception	: yes
cpuid level	: 10
wp		: yes
flags		: fpu vme de pse tsc msr pae mce cx8 apic sep mtrr pge mca cmov pat pse36 clflush dts acpi mmx fxsr sse sse2 ss ht tm pbe nx lm constant_tsc arch_perfmon pebs bts aperfmperf pni dtes64 monitor ds_cpl vmx est tm2 ssse3 cx16 xtpr pdcm sse4_1 lahf_lm dtherm tpr_shadow vnmi flexpriority
bogomips	: 4788.07
clflush size	: 64
cache_alignment	: 64
address sizes	: 36 bits physical, 48 bits virtual
power management:

processor	: 1
vendor_id	: GenuineIntel
cpu family	: 6
model		: 23
model name	: Intel(R) Core(TM)2 Duo CPU     T8300  @ 2.40GHz
stepping	: 6
microcode	: 0x60c
cpu MHz		: 2400.000
cache size	: 3072 KB
physical id	: 0
siblings	: 2
core id		: 1
cpu cores	: 2
apicid		: 1
initial apicid	: 1
fdiv_bug	: no
hlt_bug		: no
f00f_bug	: no
coma_bug	: no
fpu		: yes
fpu_exception	: yes
cpuid level	: 10
wp		: yes
flags		: fpu vme de pse tsc msr pae mce cx8 apic sep mtrr pge mca cmov pat pse36 clflush dts acpi mmx fxsr sse sse2 ss ht tm pbe nx lm constant_tsc arch_perfmon pebs bts aperfmperf pni dtes64 monitor ds_cpl vmx est tm2 ssse3 cx16 xtpr pdcm sse4_1 lahf_lm dtherm tpr_shadow vnmi flexpriority
bogomips	: 4787.98
clflush size	: 64
cache_alignment	: 64
address sizes	: 36 bits physical, 48 bits virtual
power management:



Memory: 4k page, physical 2042064k(93500k free), swap 0k(0k free)

vm_info: Java HotSpot(TM) Server VM (25.25-b02) for linux-x86 JRE (1.8.0_25-b17), built on Sep 17 2014 16:16:24 by "java_re" with gcc 4.3.0 20080428 (Red Hat 4.3.0-8)

time: Wed Jan  7 01:10:54 2015
elapsed time: 0 seconds (0d 0h 0m 0s)

